{"total": {"lines":{"total":800,"covered":771,"skipped":0,"pct":96.37},"statements":{"total":847,"covered":812,"skipped":0,"pct":95.86},"functions":{"total":208,"covered":190,"skipped":0,"pct":91.34},"branches":{"total":420,"covered":319,"skipped":0,"pct":75.95},"branchesTrue":{"total":0,"covered":0,"skipped":0,"pct":100}}
,"C:\\Softs\\ecoLog\\src\\App.tsx": {"lines":{"total":1,"covered":1,"skipped":0,"pct":100},"functions":{"total":1,"covered":1,"skipped":0,"pct":100},"statements":{"total":1,"covered":1,"skipped":0,"pct":100},"branches":{"total":0,"covered":0,"skipped":0,"pct":100}}
,"C:\\Softs\\ecoLog\\src\\components\\emissaoCombustivel\\ModalEmissaoCombustivel.tsx": {"lines":{"total":52,"covered":49,"skipped":0,"pct":94.23},"functions":{"total":14,"covered":13,"skipped":0,"pct":92.85},"statements":{"total":57,"covered":54,"skipped":0,"pct":94.73},"branches":{"total":32,"covered":23,"skipped":0,"pct":71.87}}
,"C:\\Softs\\ecoLog\\src\\components\\emissaoEnergia\\ModalEmissaoEnergia.tsx": {"lines":{"total":26,"covered":25,"skipped":0,"pct":96.15},"functions":{"total":7,"covered":7,"skipped":0,"pct":100},"statements":{"total":26,"covered":25,"skipped":0,"pct":96.15},"branches":{"total":9,"covered":7,"skipped":0,"pct":77.77}}
,"C:\\Softs\\ecoLog\\src\\components\\geral\\BtnPrincipal.tsx": {"lines":{"total":2,"covered":2,"skipped":0,"pct":100},"functions":{"total":2,"covered":2,"skipped":0,"pct":100},"statements":{"total":2,"covered":2,"skipped":0,"pct":100},"branches":{"total":4,"covered":4,"skipped":0,"pct":100}}
,"C:\\Softs\\ecoLog\\src\\components\\geral\\BtnSecundario.tsx": {"lines":{"total":2,"covered":2,"skipped":0,"pct":100},"functions":{"total":1,"covered":1,"skipped":0,"pct":100},"statements":{"total":2,"covered":2,"skipped":0,"pct":100},"branches":{"total":1,"covered":1,"skipped":0,"pct":100}}
,"C:\\Softs\\ecoLog\\src\\components\\geral\\Loading.tsx": {"lines":{"total":1,"covered":1,"skipped":0,"pct":100},"functions":{"total":1,"covered":1,"skipped":0,"pct":100},"statements":{"total":1,"covered":1,"skipped":0,"pct":100},"branches":{"total":0,"covered":0,"skipped":0,"pct":100}}
,"C:\\Softs\\ecoLog\\src\\components\\resumoDashboard\\Resumo.tsx": {"lines":{"total":7,"covered":7,"skipped":0,"pct":100},"functions":{"total":1,"covered":1,"skipped":0,"pct":100},"statements":{"total":7,"covered":7,"skipped":0,"pct":100},"branches":{"total":4,"covered":4,"skipped":0,"pct":100}}
,"C:\\Softs\\ecoLog\\src\\context\\AuthContext.tsx": {"lines":{"total":37,"covered":36,"skipped":0,"pct":97.29},"functions":{"total":5,"covered":5,"skipped":0,"pct":100},"statements":{"total":39,"covered":38,"skipped":0,"pct":97.43},"branches":{"total":14,"covered":13,"skipped":0,"pct":92.85}}
,"C:\\Softs\\ecoLog\\src\\layout\\AppLayout.tsx": {"lines":{"total":20,"covered":20,"skipped":0,"pct":100},"functions":{"total":5,"covered":5,"skipped":0,"pct":100},"statements":{"total":20,"covered":20,"skipped":0,"pct":100},"branches":{"total":6,"covered":6,"skipped":0,"pct":100}}
,"C:\\Softs\\ecoLog\\src\\pages\\emissao_combustivel\\EmissaoCombustivel.tsx": {"lines":{"total":92,"covered":89,"skipped":0,"pct":96.73},"functions":{"total":26,"covered":23,"skipped":0,"pct":88.46},"statements":{"total":98,"covered":93,"skipped":0,"pct":94.89},"branches":{"total":66,"covered":45,"skipped":0,"pct":68.18}}
,"C:\\Softs\\ecoLog\\src\\pages\\emissao_energia\\EmissaoEnergia.tsx": {"lines":{"total":104,"covered":100,"skipped":0,"pct":96.15},"functions":{"total":25,"covered":23,"skipped":0,"pct":92},"statements":{"total":108,"covered":103,"skipped":0,"pct":95.37},"branches":{"total":69,"covered":55,"skipped":0,"pct":79.71}}
,"C:\\Softs\\ecoLog\\src\\pages\\home\\Home.tsx": {"lines":{"total":5,"covered":5,"skipped":0,"pct":100},"functions":{"total":4,"covered":4,"skipped":0,"pct":100},"statements":{"total":5,"covered":5,"skipped":0,"pct":100},"branches":{"total":0,"covered":0,"skipped":0,"pct":100}}
,"C:\\Softs\\ecoLog\\src\\pages\\login\\Login.tsx": {"lines":{"total":83,"covered":82,"skipped":0,"pct":98.79},"functions":{"total":18,"covered":17,"skipped":0,"pct":94.44},"statements":{"total":86,"covered":84,"skipped":0,"pct":97.67},"branches":{"total":46,"covered":31,"skipped":0,"pct":67.39}}
,"C:\\Softs\\ecoLog\\src\\pages\\minhas_emissoes\\Dashboard.tsx": {"lines":{"total":57,"covered":50,"skipped":0,"pct":87.71},"functions":{"total":16,"covered":11,"skipped":0,"pct":68.75},"statements":{"total":59,"covered":52,"skipped":0,"pct":88.13},"branches":{"total":24,"covered":13,"skipped":0,"pct":54.16}}
,"C:\\Softs\\ecoLog\\src\\pages\\recuperar_senha\\RecuperarSenha.tsx": {"lines":{"total":42,"covered":38,"skipped":0,"pct":90.47},"functions":{"total":13,"covered":12,"skipped":0,"pct":92.3},"statements":{"total":46,"covered":41,"skipped":0,"pct":89.13},"branches":{"total":18,"covered":14,"skipped":0,"pct":77.77}}
,"C:\\Softs\\ecoLog\\src\\pages\\usuario\\Usuario.tsx": {"lines":{"total":49,"covered":45,"skipped":0,"pct":91.83},"functions":{"total":15,"covered":11,"skipped":0,"pct":73.33},"statements":{"total":52,"covered":48,"skipped":0,"pct":92.3},"branches":{"total":32,"covered":19,"skipped":0,"pct":59.37}}
,"C:\\Softs\\ecoLog\\src\\routes\\AppRoutes.tsx": {"lines":{"total":1,"covered":1,"skipped":0,"pct":100},"functions":{"total":1,"covered":1,"skipped":0,"pct":100},"statements":{"total":1,"covered":1,"skipped":0,"pct":100},"branches":{"total":0,"covered":0,"skipped":0,"pct":100}}
,"C:\\Softs\\ecoLog\\src\\routes\\ProtectedRoutes.tsx": {"lines":{"total":8,"covered":8,"skipped":0,"pct":100},"functions":{"total":1,"covered":1,"skipped":0,"pct":100},"statements":{"total":8,"covered":8,"skipped":0,"pct":100},"branches":{"total":8,"covered":8,"skipped":0,"pct":100}}
,"C:\\Softs\\ecoLog\\src\\services\\api.ts": {"lines":{"total":50,"covered":49,"skipped":0,"pct":98},"functions":{"total":12,"covered":11,"skipped":0,"pct":91.66},"statements":{"total":51,"covered":50,"skipped":0,"pct":98.03},"branches":{"total":16,"covered":13,"skipped":0,"pct":81.25}}
,"C:\\Softs\\ecoLog\\src\\services\\combustivel\\combustivelService.ts": {"lines":{"total":4,"covered":4,"skipped":0,"pct":100},"functions":{"total":1,"covered":1,"skipped":0,"pct":100},"statements":{"total":4,"covered":4,"skipped":0,"pct":100},"branches":{"total":0,"covered":0,"skipped":0,"pct":100}}
,"C:\\Softs\\ecoLog\\src\\services\\emissao_combustivel\\emissaoCombustivelService.ts": {"lines":{"total":18,"covered":18,"skipped":0,"pct":100},"functions":{"total":5,"covered":5,"skipped":0,"pct":100},"statements":{"total":19,"covered":19,"skipped":0,"pct":100},"branches":{"total":4,"covered":4,"skipped":0,"pct":100}}
,"C:\\Softs\\ecoLog\\src\\services\\emissao_energia\\emissaoEnergiaService.ts": {"lines":{"total":18,"covered":18,"skipped":0,"pct":100},"functions":{"total":5,"covered":5,"skipped":0,"pct":100},"statements":{"total":19,"covered":19,"skipped":0,"pct":100},"branches":{"total":4,"covered":4,"skipped":0,"pct":100}}
,"C:\\Softs\\ecoLog\\src\\services\\energia\\energiaService.ts": {"lines":{"total":4,"covered":4,"skipped":0,"pct":100},"functions":{"total":1,"covered":1,"skipped":0,"pct":100},"statements":{"total":4,"covered":4,"skipped":0,"pct":100},"branches":{"total":0,"covered":0,"skipped":0,"pct":100}}
,"C:\\Softs\\ecoLog\\src\\services\\estado\\estadoService.ts": {"lines":{"total":4,"covered":4,"skipped":0,"pct":100},"functions":{"total":1,"covered":1,"skipped":0,"pct":100},"statements":{"total":4,"covered":4,"skipped":0,"pct":100},"branches":{"total":0,"covered":0,"skipped":0,"pct":100}}
,"C:\\Softs\\ecoLog\\src\\services\\minhas_emissoes\\MinhasEmissoesService.ts": {"lines":{"total":12,"covered":12,"skipped":0,"pct":100},"functions":{"total":3,"covered":3,"skipped":0,"pct":100},"statements":{"total":12,"covered":12,"skipped":0,"pct":100},"branches":{"total":2,"covered":2,"skipped":0,"pct":100}}
,"C:\\Softs\\ecoLog\\src\\services\\usuario\\usuarioService.ts": {"lines":{"total":55,"covered":55,"skipped":0,"pct":100},"functions":{"total":11,"covered":11,"skipped":0,"pct":100},"statements":{"total":55,"covered":55,"skipped":0,"pct":100},"branches":{"total":22,"covered":18,"skipped":0,"pct":81.81}}
,"C:\\Softs\\ecoLog\\src\\utils\\dateUtils.ts": {"lines":{"total":10,"covered":10,"skipped":0,"pct":100},"functions":{"total":2,"covered":2,"skipped":0,"pct":100},"statements":{"total":13,"covered":12,"skipped":0,"pct":92.3},"branches":{"total":15,"covered":14,"skipped":0,"pct":93.33}}
,"C:\\Softs\\ecoLog\\src\\utils\\dayjs.ts": {"lines":{"total":2,"covered":2,"skipped":0,"pct":100},"functions":{"total":0,"covered":0,"skipped":0,"pct":100},"statements":{"total":2,"covered":2,"skipped":0,"pct":100},"branches":{"total":0,"covered":0,"skipped":0,"pct":100}}
,"C:\\Softs\\ecoLog\\src\\utils\\listOrder.ts": {"lines":{"total":23,"covered":23,"skipped":0,"pct":100},"functions":{"total":9,"covered":9,"skipped":0,"pct":100},"statements":{"total":30,"covered":30,"skipped":0,"pct":100},"branches":{"total":14,"covered":11,"skipped":0,"pct":78.57}}
,"C:\\Softs\\ecoLog\\src\\utils\\stringUtils.ts": {"lines":{"total":11,"covered":11,"skipped":0,"pct":100},"functions":{"total":2,"covered":2,"skipped":0,"pct":100},"statements":{"total":16,"covered":16,"skipped":0,"pct":100},"branches":{"total":10,"covered":10,"skipped":0,"pct":100}}
}
