{"C:\\Softs\\ecoLog\\src\\App.tsx": {"path":"C:\\Softs\\ecoLog\\src\\App.tsx","statementMap":{"0":{"start":{"line":6,"column":2},"end":{"line":23,"column":4}}},"fnMap":{"0":{"name":"App","decl":{"start":{"line":5,"column":9},"end":{"line":5,"column":12}},"loc":{"start":{"line":5,"column":15},"end":{"line":24,"column":1}},"line":5}},"branchMap":{},"s":{"0":1},"f":{"0":1},"b":{},"_coverageSchema":"1a1c01bbd47fc00a2c39e90264f33305004495a9","hash":"bf36f14a0b8f10f51eea2b661f9a369b1445e091"}
,"C:\\Softs\\ecoLog\\src\\index.tsx": {"path":"C:\\Softs\\ecoLog\\src\\index.tsx","statementMap":{"0":{"start":{"line":9,"column":13},"end":{"line":11,"column":1}},"1":{"start":{"line":12,"column":0},"end":{"line":14,"column":2}},"2":{"start":{"line":17,"column":0},"end":{"line":17,"column":18}}},"fnMap":{},"branchMap":{},"s":{"0":0,"1":0,"2":0},"f":{},"b":{}}
,"C:\\Softs\\ecoLog\\src\\reportWebVitals.ts": {"path":"C:\\Softs\\ecoLog\\src\\reportWebVitals.ts","statementMap":{"0":{"start":{"line":3,"column":24},"end":{"line":13,"column":1}},"1":{"start":{"line":4,"column":2},"end":{"line":12,"column":3}},"2":{"start":{"line":5,"column":4},"end":{"line":11,"column":7}},"3":{"start":{"line":6,"column":6},"end":{"line":6,"column":26}},"4":{"start":{"line":7,"column":6},"end":{"line":7,"column":26}},"5":{"start":{"line":8,"column":6},"end":{"line":8,"column":26}},"6":{"start":{"line":9,"column":6},"end":{"line":9,"column":26}},"7":{"start":{"line":10,"column":6},"end":{"line":10,"column":27}}},"fnMap":{"0":{"name":"(anonymous_0)","decl":{"start":{"line":3,"column":24},"end":{"line":3,"column":25}},"loc":{"start":{"line":3,"column":57},"end":{"line":13,"column":1}},"line":3},"1":{"name":"(anonymous_1)","decl":{"start":{"line":5,"column":30},"end":{"line":5,"column":31}},"loc":{"start":{"line":5,"column":79},"end":{"line":11,"column":5}},"line":5}},"branchMap":{"0":{"loc":{"start":{"line":4,"column":2},"end":{"line":12,"column":3}},"type":"if","locations":[{"start":{"line":4,"column":2},"end":{"line":12,"column":3}},{"start":{},"end":{}}],"line":4},"1":{"loc":{"start":{"line":4,"column":6},"end":{"line":4,"column":52}},"type":"binary-expr","locations":[{"start":{"line":4,"column":6},"end":{"line":4,"column":17}},{"start":{"line":4,"column":21},"end":{"line":4,"column":52}}],"line":4}},"s":{"0":0,"1":0,"2":0,"3":0,"4":0,"5":0,"6":0,"7":0},"f":{"0":0,"1":0},"b":{"0":[0,0],"1":[0,0]}}
,"C:\\Softs\\ecoLog\\src\\components\\emissaoCombustivel\\ModalEmissaoCombustivel.tsx": {"path":"C:\\Softs\\ecoLog\\src\\components\\emissaoCombustivel\\ModalEmissaoCombustivel.tsx","statementMap":{"0":{"start":{"line":24,"column":17},"end":{"line":24,"column":54}},"1":{"start":{"line":25,"column":42},"end":{"line":25,"column":61}},"2":{"start":{"line":26,"column":32},"end":{"line":26,"column":56}},"3":{"start":{"line":27,"column":42},"end":{"line":27,"column":72}},"4":{"start":{"line":29,"column":27},"end":{"line":40,"column":8}},"5":{"start":{"line":30,"column":4},"end":{"line":30,"column":21}},"6":{"start":{"line":31,"column":4},"end":{"line":39,"column":5}},"7":{"start":{"line":32,"column":23},"end":{"line":32,"column":56}},"8":{"start":{"line":33,"column":6},"end":{"line":33,"column":63}},"9":{"start":{"line":35,"column":6},"end":{"line":35,"column":57}},"10":{"start":{"line":36,"column":6},"end":{"line":36,"column":26}},"11":{"start":{"line":38,"column":6},"end":{"line":38,"column":24}},"12":{"start":{"line":42,"column":2},"end":{"line":44,"column":33}},"13":{"start":{"line":43,"column":4},"end":{"line":43,"column":35}},"14":{"start":{"line":43,"column":16},"end":{"line":43,"column":35}},"15":{"start":{"line":46,"column":2},"end":{"line":68,"column":48}},"16":{"start":{"line":47,"column":4},"end":{"line":47,"column":24}},"17":{"start":{"line":47,"column":17},"end":{"line":47,"column":24}},"18":{"start":{"line":49,"column":4},"end":{"line":67,"column":5}},"19":{"start":{"line":51,"column":6},"end":{"line":54,"column":9}},"20":{"start":{"line":57,"column":16},"end":{"line":57,"column":76}},"21":{"start":{"line":57,"column":41},"end":{"line":57,"column":75}},"22":{"start":{"line":58,"column":6},"end":{"line":63,"column":7}},"23":{"start":{"line":59,"column":23},"end":{"line":59,"column":85}},"24":{"start":{"line":60,"column":8},"end":{"line":60,"column":57}},"25":{"start":{"line":62,"column":8},"end":{"line":62,"column":53}},"26":{"start":{"line":65,"column":6},"end":{"line":65,"column":25}},"27":{"start":{"line":66,"column":6},"end":{"line":66,"column":25}},"28":{"start":{"line":71,"column":29},"end":{"line":85,"column":3}},"29":{"start":{"line":72,"column":20},"end":{"line":72,"column":39}},"30":{"start":{"line":73,"column":25},"end":{"line":73,"column":49}},"31":{"start":{"line":74,"column":26},"end":{"line":74,"column":65}},"32":{"start":{"line":76,"column":4},"end":{"line":83,"column":5}},"33":{"start":{"line":77,"column":37},"end":{"line":77,"column":85}},"34":{"start":{"line":77,"column":62},"end":{"line":77,"column":84}},"35":{"start":{"line":78,"column":6},"end":{"line":82,"column":7}},"36":{"start":{"line":79,"column":23},"end":{"line":79,"column":45}},"37":{"start":{"line":80,"column":8},"end":{"line":80,"column":78}},"38":{"start":{"line":81,"column":8},"end":{"line":81,"column":15}},"39":{"start":{"line":84,"column":4},"end":{"line":84,"column":23}},"40":{"start":{"line":87,"column":67},"end":{"line":99,"column":3}},"41":{"start":{"line":88,"column":14},"end":{"line":88,"column":69}},"42":{"start":{"line":88,"column":39},"end":{"line":88,"column":68}},"43":{"start":{"line":89,"column":49},"end":{"line":94,"column":5}},"44":{"start":{"line":96,"column":4},"end":{"line":96,"column":26}},"45":{"start":{"line":97,"column":4},"end":{"line":97,"column":23}},"46":{"start":{"line":98,"column":4},"end":{"line":98,"column":23}},"47":{"start":{"line":101,"column":23},"end":{"line":105,"column":3}},"48":{"start":{"line":102,"column":4},"end":{"line":102,"column":23}},"49":{"start":{"line":103,"column":4},"end":{"line":103,"column":23}},"50":{"start":{"line":104,"column":4},"end":{"line":104,"column":14}},"51":{"start":{"line":107,"column":2},"end":{"line":250,"column":4}},"52":{"start":{"line":126,"column":8},"end":{"line":126,"column":27}},"53":{"start":{"line":127,"column":8},"end":{"line":127,"column":27}},"54":{"start":{"line":219,"column":24},"end":{"line":219,"column":100}},"55":{"start":{"line":221,"column":66},"end":{"line":224,"column":23}},"56":{"start":{"line":245,"column":82},"end":{"line":245,"column":95}}},"fnMap":{"0":{"name":"ModalEmissaoCombustivel","decl":{"start":{"line":18,"column":24},"end":{"line":18,"column":47}},"loc":{"start":{"line":23,"column":33},"end":{"line":251,"column":1}},"line":23},"1":{"name":"(anonymous_1)","decl":{"start":{"line":29,"column":39},"end":{"line":29,"column":40}},"loc":{"start":{"line":29,"column":51},"end":{"line":40,"column":3}},"line":29},"2":{"name":"(anonymous_2)","decl":{"start":{"line":42,"column":12},"end":{"line":42,"column":13}},"loc":{"start":{"line":42,"column":18},"end":{"line":44,"column":3}},"line":42},"3":{"name":"(anonymous_3)","decl":{"start":{"line":46,"column":12},"end":{"line":46,"column":13}},"loc":{"start":{"line":46,"column":18},"end":{"line":68,"column":3}},"line":46},"4":{"name":"(anonymous_4)","decl":{"start":{"line":57,"column":34},"end":{"line":57,"column":35}},"loc":{"start":{"line":57,"column":41},"end":{"line":57,"column":75}},"line":57},"5":{"name":"(anonymous_5)","decl":{"start":{"line":71,"column":29},"end":{"line":71,"column":30}},"loc":{"start":{"line":71,"column":69},"end":{"line":85,"column":3}},"line":71},"6":{"name":"(anonymous_6)","decl":{"start":{"line":77,"column":55},"end":{"line":77,"column":56}},"loc":{"start":{"line":77,"column":62},"end":{"line":77,"column":84}},"line":77},"7":{"name":"(anonymous_7)","decl":{"start":{"line":87,"column":67},"end":{"line":87,"column":68}},"loc":{"start":{"line":87,"column":79},"end":{"line":99,"column":3}},"line":87},"8":{"name":"(anonymous_8)","decl":{"start":{"line":88,"column":32},"end":{"line":88,"column":33}},"loc":{"start":{"line":88,"column":39},"end":{"line":88,"column":68}},"line":88},"9":{"name":"(anonymous_9)","decl":{"start":{"line":101,"column":23},"end":{"line":101,"column":24}},"loc":{"start":{"line":101,"column":29},"end":{"line":105,"column":3}},"line":101},"10":{"name":"(anonymous_10)","decl":{"start":{"line":125,"column":18},"end":{"line":125,"column":19}},"loc":{"start":{"line":125,"column":24},"end":{"line":128,"column":7}},"line":125},"11":{"name":"(anonymous_11)","decl":{"start":{"line":218,"column":34},"end":{"line":218,"column":35}},"loc":{"start":{"line":219,"column":24},"end":{"line":219,"column":100}},"line":219},"12":{"name":"(anonymous_12)","decl":{"start":{"line":221,"column":48},"end":{"line":221,"column":49}},"loc":{"start":{"line":221,"column":66},"end":{"line":224,"column":23}},"line":221},"13":{"name":"(anonymous_13)","decl":{"start":{"line":245,"column":76},"end":{"line":245,"column":77}},"loc":{"start":{"line":245,"column":82},"end":{"line":245,"column":95}},"line":245}},"branchMap":{"0":{"loc":{"start":{"line":33,"column":22},"end":{"line":33,"column":61}},"type":"cond-expr","locations":[{"start":{"line":33,"column":48},"end":{"line":33,"column":56}},{"start":{"line":33,"column":59},"end":{"line":33,"column":61}}],"line":33},"1":{"loc":{"start":{"line":43,"column":4},"end":{"line":43,"column":35}},"type":"if","locations":[{"start":{"line":43,"column":4},"end":{"line":43,"column":35}},{"start":{},"end":{}}],"line":43},"2":{"loc":{"start":{"line":47,"column":4},"end":{"line":47,"column":24}},"type":"if","locations":[{"start":{"line":47,"column":4},"end":{"line":47,"column":24}},{"start":{},"end":{}}],"line":47},"3":{"loc":{"start":{"line":49,"column":4},"end":{"line":67,"column":5}},"type":"if","locations":[{"start":{"line":49,"column":4},"end":{"line":67,"column":5}},{"start":{"line":64,"column":11},"end":{"line":67,"column":5}}],"line":49},"4":{"loc":{"start":{"line":58,"column":6},"end":{"line":63,"column":7}},"type":"if","locations":[{"start":{"line":58,"column":6},"end":{"line":63,"column":7}},{"start":{"line":61,"column":13},"end":{"line":63,"column":7}}],"line":58},"5":{"loc":{"start":{"line":58,"column":10},"end":{"line":58,"column":62}},"type":"binary-expr","locations":[{"start":{"line":58,"column":10},"end":{"line":58,"column":11}},{"start":{"line":58,"column":15},"end":{"line":58,"column":34}},{"start":{"line":58,"column":38},"end":{"line":58,"column":62}}],"line":58},"6":{"loc":{"start":{"line":62,"column":24},"end":{"line":62,"column":51}},"type":"binary-expr","locations":[{"start":{"line":62,"column":24},"end":{"line":62,"column":46}},{"start":{"line":62,"column":50},"end":{"line":62,"column":51}}],"line":62},"7":{"loc":{"start":{"line":76,"column":4},"end":{"line":83,"column":5}},"type":"if","locations":[{"start":{"line":76,"column":4},"end":{"line":83,"column":5}},{"start":{},"end":{}}],"line":76},"8":{"loc":{"start":{"line":76,"column":8},"end":{"line":76,"column":56}},"type":"binary-expr","locations":[{"start":{"line":76,"column":8},"end":{"line":76,"column":19}},{"start":{"line":76,"column":23},"end":{"line":76,"column":39}},{"start":{"line":76,"column":43},"end":{"line":76,"column":56}}],"line":76},"9":{"loc":{"start":{"line":78,"column":6},"end":{"line":82,"column":7}},"type":"if","locations":[{"start":{"line":78,"column":6},"end":{"line":82,"column":7}},{"start":{},"end":{}}],"line":78},"10":{"loc":{"start":{"line":92,"column":20},"end":{"line":92,"column":40}},"type":"binary-expr","locations":[{"start":{"line":92,"column":20},"end":{"line":92,"column":35}},{"start":{"line":92,"column":39},"end":{"line":92,"column":40}}],"line":92},"11":{"loc":{"start":{"line":93,"column":23},"end":{"line":93,"column":43}},"type":"binary-expr","locations":[{"start":{"line":93,"column":23},"end":{"line":93,"column":30}},{"start":{"line":93,"column":34},"end":{"line":93,"column":43}}],"line":93},"12":{"loc":{"start":{"line":136,"column":13},"end":{"line":136,"column":35}},"type":"binary-expr","locations":[{"start":{"line":136,"column":13},"end":{"line":136,"column":20}},{"start":{"line":136,"column":24},"end":{"line":136,"column":35}}],"line":136},"13":{"loc":{"start":{"line":219,"column":25},"end":{"line":219,"column":39}},"type":"binary-expr","locations":[{"start":{"line":219,"column":25},"end":{"line":219,"column":33}},{"start":{"line":219,"column":37},"end":{"line":219,"column":39}}],"line":219},"14":{"loc":{"start":{"line":219,"column":70},"end":{"line":219,"column":84}},"type":"binary-expr","locations":[{"start":{"line":219,"column":70},"end":{"line":219,"column":78}},{"start":{"line":219,"column":82},"end":{"line":219,"column":84}}],"line":219}},"s":{"0":75,"1":75,"2":75,"3":75,"4":75,"5":10,"6":10,"7":10,"8":10,"9":0,"10":0,"11":10,"12":75,"13":21,"14":10,"15":75,"16":30,"17":11,"18":19,"19":6,"20":6,"21":5,"22":6,"23":3,"24":3,"25":3,"26":13,"27":13,"28":75,"29":27,"30":27,"31":27,"32":27,"33":11,"34":16,"35":11,"36":11,"37":11,"38":11,"39":16,"40":75,"41":5,"42":7,"43":5,"44":5,"45":5,"46":5,"47":75,"48":1,"49":1,"50":1,"51":75,"52":4,"53":4,"54":0,"55":66,"56":5},"f":{"0":75,"1":10,"2":21,"3":30,"4":5,"5":27,"6":16,"7":5,"8":7,"9":1,"10":4,"11":0,"12":66,"13":5},"b":{"0":[10,0],"1":[10,11],"2":[11,19],"3":[6,13],"4":[3,3],"5":[6,3,3],"6":[3,0],"7":[11,16],"8":[27,23,17],"9":[11,0],"10":[5,0],"11":[5,0],"12":[75,10],"13":[0,0],"14":[0,0]},"_coverageSchema":"1a1c01bbd47fc00a2c39e90264f33305004495a9","hash":"f01a05aa49bf634c27003833da19d4e582812346"}
,"C:\\Softs\\ecoLog\\src\\components\\emissaoEnergia\\ModalEmissaoEnergia.tsx": {"path":"C:\\Softs\\ecoLog\\src\\components\\emissaoEnergia\\ModalEmissaoEnergia.tsx","statementMap":{"0":{"start":{"line":23,"column":17},"end":{"line":23,"column":50}},"1":{"start":{"line":24,"column":42},"end":{"line":24,"column":61}},"2":{"start":{"line":26,"column":2},"end":{"line":34,"column":26}},"3":{"start":{"line":27,"column":4},"end":{"line":33,"column":5}},"4":{"start":{"line":28,"column":6},"end":{"line":28,"column":39}},"5":{"start":{"line":29,"column":6},"end":{"line":29,"column":51}},"6":{"start":{"line":31,"column":6},"end":{"line":31,"column":25}},"7":{"start":{"line":32,"column":6},"end":{"line":32,"column":25}},"8":{"start":{"line":36,"column":26},"end":{"line":43,"column":3}},"9":{"start":{"line":37,"column":4},"end":{"line":42,"column":5}},"10":{"start":{"line":38,"column":18},"end":{"line":38,"column":41}},"11":{"start":{"line":39,"column":6},"end":{"line":39,"column":27}},"12":{"start":{"line":41,"column":6},"end":{"line":41,"column":25}},"13":{"start":{"line":45,"column":63},"end":{"line":53,"column":3}},"14":{"start":{"line":46,"column":26},"end":{"line":49,"column":5}},"15":{"start":{"line":50,"column":4},"end":{"line":50,"column":26}},"16":{"start":{"line":51,"column":4},"end":{"line":51,"column":23}},"17":{"start":{"line":52,"column":4},"end":{"line":52,"column":23}},"18":{"start":{"line":55,"column":23},"end":{"line":59,"column":3}},"19":{"start":{"line":56,"column":4},"end":{"line":56,"column":23}},"20":{"start":{"line":57,"column":4},"end":{"line":57,"column":23}},"21":{"start":{"line":58,"column":4},"end":{"line":58,"column":14}},"22":{"start":{"line":61,"column":2},"end":{"line":164,"column":4}},"23":{"start":{"line":78,"column":8},"end":{"line":78,"column":27}},"24":{"start":{"line":79,"column":8},"end":{"line":79,"column":27}},"25":{"start":{"line":158,"column":29},"end":{"line":158,"column":42}}},"fnMap":{"0":{"name":"ModalEmissaoEnergia","decl":{"start":{"line":16,"column":24},"end":{"line":16,"column":43}},"loc":{"start":{"line":22,"column":29},"end":{"line":165,"column":1}},"line":22},"1":{"name":"(anonymous_1)","decl":{"start":{"line":26,"column":12},"end":{"line":26,"column":13}},"loc":{"start":{"line":26,"column":18},"end":{"line":34,"column":3}},"line":26},"2":{"name":"(anonymous_2)","decl":{"start":{"line":36,"column":26},"end":{"line":36,"column":27}},"loc":{"start":{"line":36,"column":52},"end":{"line":43,"column":3}},"line":36},"3":{"name":"(anonymous_3)","decl":{"start":{"line":45,"column":63},"end":{"line":45,"column":64}},"loc":{"start":{"line":45,"column":75},"end":{"line":53,"column":3}},"line":45},"4":{"name":"(anonymous_4)","decl":{"start":{"line":55,"column":23},"end":{"line":55,"column":24}},"loc":{"start":{"line":55,"column":29},"end":{"line":59,"column":3}},"line":55},"5":{"name":"(anonymous_5)","decl":{"start":{"line":77,"column":18},"end":{"line":77,"column":19}},"loc":{"start":{"line":77,"column":24},"end":{"line":80,"column":7}},"line":77},"6":{"name":"(anonymous_6)","decl":{"start":{"line":158,"column":23},"end":{"line":158,"column":24}},"loc":{"start":{"line":158,"column":29},"end":{"line":158,"column":42}},"line":158}},"branchMap":{"0":{"loc":{"start":{"line":21,"column":2},"end":{"line":21,"column":25}},"type":"default-arg","locations":[{"start":{"line":21,"column":20},"end":{"line":21,"column":25}}],"line":21},"1":{"loc":{"start":{"line":27,"column":4},"end":{"line":33,"column":5}},"type":"if","locations":[{"start":{"line":27,"column":4},"end":{"line":33,"column":5}},{"start":{"line":30,"column":11},"end":{"line":33,"column":5}}],"line":27},"2":{"loc":{"start":{"line":29,"column":22},"end":{"line":29,"column":49}},"type":"binary-expr","locations":[{"start":{"line":29,"column":22},"end":{"line":29,"column":44}},{"start":{"line":29,"column":48},"end":{"line":29,"column":49}}],"line":29},"3":{"loc":{"start":{"line":37,"column":4},"end":{"line":42,"column":5}},"type":"if","locations":[{"start":{"line":37,"column":4},"end":{"line":42,"column":5}},{"start":{"line":40,"column":11},"end":{"line":42,"column":5}}],"line":37},"4":{"loc":{"start":{"line":37,"column":8},"end":{"line":37,"column":26}},"type":"binary-expr","locations":[{"start":{"line":37,"column":8},"end":{"line":37,"column":13}},{"start":{"line":37,"column":17},"end":{"line":37,"column":26}}],"line":37}},"s":{"0":52,"1":52,"2":52,"3":14,"4":3,"5":3,"6":11,"7":11,"8":52,"9":7,"10":7,"11":7,"12":0,"13":52,"14":5,"15":5,"16":5,"17":5,"18":52,"19":1,"20":1,"21":1,"22":52,"23":2,"24":2,"25":5},"f":{"0":52,"1":14,"2":7,"3":5,"4":1,"5":2,"6":5},"b":{"0":[27],"1":[3,11],"2":[3,0],"3":[7,0],"4":[7,7]},"_coverageSchema":"1a1c01bbd47fc00a2c39e90264f33305004495a9","hash":"4a5087f50894fc4465cf63bf31b4fe3f9b730cc0"}
,"C:\\Softs\\ecoLog\\src\\components\\geral\\BtnPrincipal.tsx": {"path":"C:\\Softs\\ecoLog\\src\\components\\geral\\BtnPrincipal.tsx","statementMap":{"0":{"start":{"line":15,"column":44},"end":{"line":19,"column":1}},"1":{"start":{"line":16,"column":4},"end":{"line":18,"column":13}}},"fnMap":{"0":{"name":"(anonymous_0)","decl":{"start":{"line":15,"column":44},"end":{"line":15,"column":45}},"loc":{"start":{"line":16,"column":4},"end":{"line":18,"column":13}},"line":16},"1":{"name":"(anonymous_1)","decl":{"start":{"line":15,"column":65},"end":{"line":15,"column":66}},"loc":{"start":{"line":15,"column":75},"end":{"line":15,"column":77}},"line":15}},"branchMap":{"0":{"loc":{"start":{"line":15,"column":54},"end":{"line":15,"column":78}},"type":"default-arg","locations":[{"start":{"line":15,"column":65},"end":{"line":15,"column":77}}],"line":15},"1":{"loc":{"start":{"line":15,"column":86},"end":{"line":15,"column":102}},"type":"default-arg","locations":[{"start":{"line":15,"column":97},"end":{"line":15,"column":102}}],"line":15},"2":{"loc":{"start":{"line":15,"column":104},"end":{"line":15,"column":123}},"type":"default-arg","locations":[{"start":{"line":15,"column":115},"end":{"line":15,"column":123}}],"line":15},"3":{"loc":{"start":{"line":15,"column":126},"end":{"line":15,"column":140}},"type":"default-arg","locations":[{"start":{"line":15,"column":134},"end":{"line":15,"column":140}}],"line":15}},"s":{"0":0,"1":0},"f":{"0":0,"1":0},"b":{"0":[0],"1":[0],"2":[0],"3":[0]}}
,"C:\\Softs\\ecoLog\\src\\components\\geral\\BtnSecundario.tsx": {"path":"C:\\Softs\\ecoLog\\src\\components\\geral\\BtnSecundario.tsx","statementMap":{"0":{"start":{"line":13,"column":45},"end":{"line":17,"column":1}},"1":{"start":{"line":14,"column":4},"end":{"line":16,"column":13}}},"fnMap":{"0":{"name":"(anonymous_0)","decl":{"start":{"line":13,"column":45},"end":{"line":13,"column":46}},"loc":{"start":{"line":14,"column":4},"end":{"line":16,"column":13}},"line":14}},"branchMap":{"0":{"loc":{"start":{"line":13,"column":70},"end":{"line":13,"column":86}},"type":"default-arg","locations":[{"start":{"line":13,"column":81},"end":{"line":13,"column":86}}],"line":13}},"s":{"0":0,"1":0},"f":{"0":0},"b":{"0":[0]}}
,"C:\\Softs\\ecoLog\\src\\components\\geral\\Loading.tsx": {"path":"C:\\Softs\\ecoLog\\src\\components\\geral\\Loading.tsx","statementMap":{"0":{"start":{"line":5,"column":4},"end":{"line":21,"column":6}}},"fnMap":{"0":{"name":"Loading","decl":{"start":{"line":4,"column":24},"end":{"line":4,"column":31}},"loc":{"start":{"line":4,"column":34},"end":{"line":22,"column":1}},"line":4}},"branchMap":{},"s":{"0":8},"f":{"0":8},"b":{},"_coverageSchema":"1a1c01bbd47fc00a2c39e90264f33305004495a9","hash":"09d6f8a121efb73ad020e22034fb6964934316de"}
,"C:\\Softs\\ecoLog\\src\\components\\resumoDashboard\\Resumo.tsx": {"path":"C:\\Softs\\ecoLog\\src\\components\\resumoDashboard\\Resumo.tsx","statementMap":{"0":{"start":{"line":13,"column":19},"end":{"line":13,"column":49}},"1":{"start":{"line":14,"column":18},"end":{"line":14,"column":47}},"2":{"start":{"line":15,"column":24},"end":{"line":15,"column":56}},"3":{"start":{"line":16,"column":18},"end":{"line":16,"column":51}},"4":{"start":{"line":17,"column":25},"end":{"line":17,"column":63}},"5":{"start":{"line":26,"column":42},"end":{"line":33,"column":1}},"6":{"start":{"line":42,"column":4},"end":{"line":149,"column":5}}},"fnMap":{"0":{"name":"Resumo","decl":{"start":{"line":35,"column":24},"end":{"line":35,"column":30}},"loc":{"start":{"line":40,"column":25},"end":{"line":150,"column":1}},"line":40}},"branchMap":{"0":{"loc":{"start":{"line":70,"column":13},"end":{"line":144,"column":22}},"type":"cond-expr","locations":[{"start":{"line":71,"column":17},"end":{"line":79,"column":22}},{"start":{"line":81,"column":16},"end":{"line":144,"column":22}}],"line":70},"1":{"loc":{"start":{"line":124,"column":70},"end":{"line":124,"column":126}},"type":"cond-expr","locations":[{"start":{"line":124,"column":105},"end":{"line":124,"column":114}},{"start":{"line":124,"column":117},"end":{"line":124,"column":126}}],"line":124}},"s":{"0":1,"1":1,"2":1,"3":1,"4":1,"5":1,"6":3},"f":{"0":3},"b":{"0":[1,2],"1":[1,1]},"_coverageSchema":"1a1c01bbd47fc00a2c39e90264f33305004495a9","hash":"ae64eb877a3c5e1ac0972546a64882a17d41833e"}
,"C:\\Softs\\ecoLog\\src\\context\\AuthContext.tsx": {"path":"C:\\Softs\\ecoLog\\src\\context\\AuthContext.tsx","statementMap":{"0":{"start":{"line":20,"column":20},"end":{"line":20,"column":73}},"1":{"start":{"line":26,"column":57},"end":{"line":87,"column":1}},"2":{"start":{"line":27,"column":28},"end":{"line":27,"column":55}},"3":{"start":{"line":28,"column":34},"end":{"line":28,"column":48}},"4":{"start":{"line":30,"column":4},"end":{"line":32,"column":11}},"5":{"start":{"line":31,"column":8},"end":{"line":31,"column":20}},"6":{"start":{"line":34,"column":22},"end":{"line":66,"column":5}},"7":{"start":{"line":35,"column":8},"end":{"line":65,"column":9}},"8":{"start":{"line":36,"column":31},"end":{"line":36,"column":59}},"9":{"start":{"line":38,"column":12},"end":{"line":59,"column":13}},"10":{"start":{"line":39,"column":32},"end":{"line":39,"column":65}},"11":{"start":{"line":40,"column":16},"end":{"line":49,"column":17}},"12":{"start":{"line":41,"column":20},"end":{"line":41,"column":40}},"13":{"start":{"line":43,"column":38},"end":{"line":43,"column":70}},"14":{"start":{"line":44,"column":20},"end":{"line":48,"column":21}},"15":{"start":{"line":44,"column":35},"end":{"line":44,"column":55}},"16":{"start":{"line":46,"column":24},"end":{"line":46,"column":51}},"17":{"start":{"line":47,"column":24},"end":{"line":47,"column":38}},"18":{"start":{"line":50,"column":19},"end":{"line":59,"column":13}},"19":{"start":{"line":51,"column":34},"end":{"line":51,"column":66}},"20":{"start":{"line":52,"column":16},"end":{"line":56,"column":17}},"21":{"start":{"line":52,"column":31},"end":{"line":52,"column":51}},"22":{"start":{"line":54,"column":20},"end":{"line":54,"column":47}},"23":{"start":{"line":55,"column":20},"end":{"line":55,"column":34}},"24":{"start":{"line":58,"column":16},"end":{"line":58,"column":30}},"25":{"start":{"line":61,"column":12},"end":{"line":61,"column":68}},"26":{"start":{"line":62,"column":12},"end":{"line":62,"column":26}},"27":{"start":{"line":64,"column":12},"end":{"line":64,"column":30}},"28":{"start":{"line":68,"column":21},"end":{"line":75,"column":5}},"29":{"start":{"line":69,"column":8},"end":{"line":69,"column":25}},"30":{"start":{"line":70,"column":8},"end":{"line":74,"column":9}},"31":{"start":{"line":71,"column":12},"end":{"line":71,"column":30}},"32":{"start":{"line":73,"column":12},"end":{"line":73,"column":30}},"33":{"start":{"line":77,"column":4},"end":{"line":86,"column":6}},"34":{"start":{"line":90,"column":23},"end":{"line":98,"column":1}},"35":{"start":{"line":91,"column":20},"end":{"line":91,"column":43}},"36":{"start":{"line":93,"column":4},"end":{"line":95,"column":5}},"37":{"start":{"line":94,"column":8},"end":{"line":94,"column":76}},"38":{"start":{"line":97,"column":4},"end":{"line":97,"column":19}}},"fnMap":{"0":{"name":"(anonymous_0)","decl":{"start":{"line":26,"column":57},"end":{"line":26,"column":58}},"loc":{"start":{"line":26,"column":75},"end":{"line":87,"column":1}},"line":26},"1":{"name":"(anonymous_1)","decl":{"start":{"line":30,"column":14},"end":{"line":30,"column":15}},"loc":{"start":{"line":30,"column":20},"end":{"line":32,"column":5}},"line":30},"2":{"name":"(anonymous_2)","decl":{"start":{"line":34,"column":22},"end":{"line":34,"column":23}},"loc":{"start":{"line":34,"column":34},"end":{"line":66,"column":5}},"line":34},"3":{"name":"(anonymous_3)","decl":{"start":{"line":68,"column":21},"end":{"line":68,"column":22}},"loc":{"start":{"line":68,"column":33},"end":{"line":75,"column":5}},"line":68},"4":{"name":"(anonymous_4)","decl":{"start":{"line":90,"column":23},"end":{"line":90,"column":24}},"loc":{"start":{"line":90,"column":29},"end":{"line":98,"column":1}},"line":90}},"branchMap":{"0":{"loc":{"start":{"line":38,"column":12},"end":{"line":59,"column":13}},"type":"if","locations":[{"start":{"line":38,"column":12},"end":{"line":59,"column":13}},{"start":{"line":50,"column":19},"end":{"line":59,"column":13}}],"line":38},"1":{"loc":{"start":{"line":38,"column":16},"end":{"line":38,"column":59}},"type":"binary-expr","locations":[{"start":{"line":38,"column":16},"end":{"line":38,"column":26}},{"start":{"line":38,"column":30},"end":{"line":38,"column":59}}],"line":38},"2":{"loc":{"start":{"line":40,"column":16},"end":{"line":49,"column":17}},"type":"if","locations":[{"start":{"line":40,"column":16},"end":{"line":49,"column":17}},{"start":{"line":42,"column":23},"end":{"line":49,"column":17}}],"line":40},"3":{"loc":{"start":{"line":44,"column":20},"end":{"line":48,"column":21}},"type":"if","locations":[{"start":{"line":44,"column":20},"end":{"line":48,"column":21}},{"start":{"line":45,"column":25},"end":{"line":48,"column":21}}],"line":44},"4":{"loc":{"start":{"line":50,"column":19},"end":{"line":59,"column":13}},"type":"if","locations":[{"start":{"line":50,"column":19},"end":{"line":59,"column":13}},{"start":{"line":57,"column":19},"end":{"line":59,"column":13}}],"line":50},"5":{"loc":{"start":{"line":52,"column":16},"end":{"line":56,"column":17}},"type":"if","locations":[{"start":{"line":52,"column":16},"end":{"line":56,"column":17}},{"start":{"line":53,"column":21},"end":{"line":56,"column":17}}],"line":52},"6":{"loc":{"start":{"line":93,"column":4},"end":{"line":95,"column":5}},"type":"if","locations":[{"start":{"line":93,"column":4},"end":{"line":95,"column":5}},{"start":{},"end":{}}],"line":93}},"s":{"0":1,"1":1,"2":18,"3":18,"4":18,"5":8,"6":18,"7":9,"8":9,"9":8,"10":3,"11":3,"12":1,"13":2,"14":2,"15":1,"16":1,"17":1,"18":5,"19":3,"20":3,"21":2,"22":1,"23":1,"24":2,"25":1,"26":1,"27":9,"28":18,"29":1,"30":1,"31":1,"32":1,"33":18,"34":1,"35":18,"36":18,"37":0,"38":18},"f":{"0":18,"1":8,"2":9,"3":1,"4":18},"b":{"0":[3,5],"1":[8,6],"2":[1,2],"3":[1,1],"4":[3,2],"5":[2,1],"6":[0,18]},"_coverageSchema":"1a1c01bbd47fc00a2c39e90264f33305004495a9","hash":"cdcb08bdc162865ca8966a427d63fbd6d2c3a1d2"}
,"C:\\Softs\\ecoLog\\src\\dto\\ServiceResultDTO.tsx": {"path":"C:\\Softs\\ecoLog\\src\\dto\\ServiceResultDTO.tsx","statementMap":{},"fnMap":{},"branchMap":{},"s":{},"f":{},"b":{}}
,"C:\\Softs\\ecoLog\\src\\dto\\combustivel\\CombustivelDTO.tsx": {"path":"C:\\Softs\\ecoLog\\src\\dto\\combustivel\\CombustivelDTO.tsx","statementMap":{},"fnMap":{},"branchMap":{},"s":{},"f":{},"b":{}}
,"C:\\Softs\\ecoLog\\src\\dto\\emissao_combustivel\\EmissaoCombustivelDTO.tsx": {"path":"C:\\Softs\\ecoLog\\src\\dto\\emissao_combustivel\\EmissaoCombustivelDTO.tsx","statementMap":{},"fnMap":{},"branchMap":{},"s":{},"f":{},"b":{}}
,"C:\\Softs\\ecoLog\\src\\dto\\emissao_combustivel\\emissaoCombustivelUpsertDTO.tsx": {"path":"C:\\Softs\\ecoLog\\src\\dto\\emissao_combustivel\\emissaoCombustivelUpsertDTO.tsx","statementMap":{},"fnMap":{},"branchMap":{},"s":{},"f":{},"b":{}}
,"C:\\Softs\\ecoLog\\src\\dto\\emissao_energia\\EmissaoEnergiaDTO.tsx": {"path":"C:\\Softs\\ecoLog\\src\\dto\\emissao_energia\\EmissaoEnergiaDTO.tsx","statementMap":{},"fnMap":{},"branchMap":{},"s":{},"f":{},"b":{}}
,"C:\\Softs\\ecoLog\\src\\dto\\emissao_energia\\EmissaoEnergiaUpsertDTO.tsx": {"path":"C:\\Softs\\ecoLog\\src\\dto\\emissao_energia\\EmissaoEnergiaUpsertDTO.tsx","statementMap":{},"fnMap":{},"branchMap":{},"s":{},"f":{},"b":{}}
,"C:\\Softs\\ecoLog\\src\\dto\\energia\\EnergiaDTO.tsx": {"path":"C:\\Softs\\ecoLog\\src\\dto\\energia\\EnergiaDTO.tsx","statementMap":{},"fnMap":{},"branchMap":{},"s":{},"f":{},"b":{}}
,"C:\\Softs\\ecoLog\\src\\dto\\estado\\EstadoDTO.tsx": {"path":"C:\\Softs\\ecoLog\\src\\dto\\estado\\EstadoDTO.tsx","statementMap":{},"fnMap":{},"branchMap":{},"s":{},"f":{},"b":{}}
,"C:\\Softs\\ecoLog\\src\\dto\\minhas_emissoes\\ChartJsFormatDTO.tsx": {"path":"C:\\Softs\\ecoLog\\src\\dto\\minhas_emissoes\\ChartJsFormatDTO.tsx","statementMap":{},"fnMap":{},"branchMap":{},"s":{},"f":{},"b":{}}
,"C:\\Softs\\ecoLog\\src\\dto\\minhas_emissoes\\ResumoDTO.ts": {"path":"C:\\Softs\\ecoLog\\src\\dto\\minhas_emissoes\\ResumoDTO.ts","statementMap":{},"fnMap":{},"branchMap":{},"s":{},"f":{},"b":{}}
,"C:\\Softs\\ecoLog\\src\\dto\\usuario\\AuthResponseDTO.tsx": {"path":"C:\\Softs\\ecoLog\\src\\dto\\usuario\\AuthResponseDTO.tsx","statementMap":{},"fnMap":{},"branchMap":{},"s":{},"f":{},"b":{}}
,"C:\\Softs\\ecoLog\\src\\dto\\usuario\\LoginRequestDTO.tsx": {"path":"C:\\Softs\\ecoLog\\src\\dto\\usuario\\LoginRequestDTO.tsx","statementMap":{},"fnMap":{},"branchMap":{},"s":{},"f":{},"b":{}}
,"C:\\Softs\\ecoLog\\src\\dto\\usuario\\RegisterRequestDTO.tsx": {"path":"C:\\Softs\\ecoLog\\src\\dto\\usuario\\RegisterRequestDTO.tsx","statementMap":{},"fnMap":{},"branchMap":{},"s":{},"f":{},"b":{}}
,"C:\\Softs\\ecoLog\\src\\dto\\usuario\\ResetPasswordRequestDTO.tsx": {"path":"C:\\Softs\\ecoLog\\src\\dto\\usuario\\ResetPasswordRequestDTO.tsx","statementMap":{},"fnMap":{},"branchMap":{},"s":{},"f":{},"b":{}}
,"C:\\Softs\\ecoLog\\src\\dto\\usuario\\UsuarioDTO.tsx": {"path":"C:\\Softs\\ecoLog\\src\\dto\\usuario\\UsuarioDTO.tsx","statementMap":{},"fnMap":{},"branchMap":{},"s":{},"f":{},"b":{}}
,"C:\\Softs\\ecoLog\\src\\layout\\AppLayout.tsx": {"path":"C:\\Softs\\ecoLog\\src\\layout\\AppLayout.tsx","statementMap":{"0":{"start":{"line":9,"column":28},"end":{"line":9,"column":34}},"1":{"start":{"line":12,"column":19},"end":{"line":12,"column":32}},"2":{"start":{"line":13,"column":32},"end":{"line":13,"column":51}},"3":{"start":{"line":15,"column":2},"end":{"line":21,"column":9}},"4":{"start":{"line":17,"column":17},"end":{"line":17,"column":45}},"5":{"start":{"line":18,"column":4},"end":{"line":20,"column":5}},"6":{"start":{"line":19,"column":6},"end":{"line":19,"column":23}},"7":{"start":{"line":23,"column":40},"end":{"line":26,"column":3}},"8":{"start":{"line":28,"column":48},"end":{"line":40,"column":3}},"9":{"start":{"line":29,"column":4},"end":{"line":39,"column":5}},"10":{"start":{"line":31,"column":8},"end":{"line":31,"column":29}},"11":{"start":{"line":32,"column":8},"end":{"line":32,"column":14}},"12":{"start":{"line":35,"column":8},"end":{"line":35,"column":29}},"13":{"start":{"line":36,"column":8},"end":{"line":36,"column":57}},"14":{"start":{"line":37,"column":8},"end":{"line":37,"column":27}},"15":{"start":{"line":38,"column":8},"end":{"line":38,"column":14}},"16":{"start":{"line":43,"column":4},"end":{"line":48,"column":6}},"17":{"start":{"line":51,"column":2},"end":{"line":78,"column":4}},"18":{"start":{"line":56,"column":32},"end":{"line":56,"column":49}},"19":{"start":{"line":65,"column":48},"end":{"line":65,"column":66}}},"fnMap":{"0":{"name":"AppLayout","decl":{"start":{"line":11,"column":24},"end":{"line":11,"column":33}},"loc":{"start":{"line":11,"column":36},"end":{"line":79,"column":1}},"line":11},"1":{"name":"(anonymous_1)","decl":{"start":{"line":15,"column":12},"end":{"line":15,"column":13}},"loc":{"start":{"line":15,"column":18},"end":{"line":21,"column":3}},"line":15},"2":{"name":"(anonymous_2)","decl":{"start":{"line":28,"column":48},"end":{"line":28,"column":49}},"loc":{"start":{"line":28,"column":61},"end":{"line":40,"column":3}},"line":28},"3":{"name":"(anonymous_3)","decl":{"start":{"line":56,"column":26},"end":{"line":56,"column":27}},"loc":{"start":{"line":56,"column":32},"end":{"line":56,"column":49}},"line":56},"4":{"name":"(anonymous_4)","decl":{"start":{"line":65,"column":43},"end":{"line":65,"column":44}},"loc":{"start":{"line":65,"column":48},"end":{"line":65,"column":66}},"line":65}},"branchMap":{"0":{"loc":{"start":{"line":18,"column":4},"end":{"line":20,"column":5}},"type":"if","locations":[{"start":{"line":18,"column":4},"end":{"line":20,"column":5}},{"start":{},"end":{}}],"line":18},"1":{"loc":{"start":{"line":29,"column":4},"end":{"line":39,"column":5}},"type":"switch","locations":[{"start":{"line":30,"column":6},"end":{"line":32,"column":14}},{"start":{"line":33,"column":6},"end":{"line":38,"column":14}}],"line":29},"2":{"loc":{"start":{"line":67,"column":17},"end":{"line":67,"column":43}},"type":"binary-expr","locations":[{"start":{"line":67,"column":17},"end":{"line":67,"column":30}},{"start":{"line":67,"column":34},"end":{"line":67,"column":43}}],"line":67}},"s":{"0":1,"1":9,"2":9,"3":9,"4":5,"5":5,"6":4,"7":9,"8":9,"9":2,"10":1,"11":1,"12":1,"13":1,"14":1,"15":1,"16":9,"17":9,"18":1,"19":2},"f":{"0":9,"1":5,"2":2,"3":1,"4":2},"b":{"0":[4,1],"1":[1,1],"2":[9,5]},"_coverageSchema":"1a1c01bbd47fc00a2c39e90264f33305004495a9","hash":"3a8f9a01e8067a6ba245959244ad7261446e9cba"}
,"C:\\Softs\\ecoLog\\src\\pages\\emissao_combustivel\\EmissaoCombustivel.tsx": {"path":"C:\\Softs\\ecoLog\\src\\pages\\emissao_combustivel\\EmissaoCombustivel.tsx","statementMap":{"0":{"start":{"line":19,"column":17},"end":{"line":19,"column":57}},"1":{"start":{"line":22,"column":19},"end":{"line":22,"column":32}},"2":{"start":{"line":23,"column":21},"end":{"line":23,"column":26}},"3":{"start":{"line":25,"column":40},"end":{"line":25,"column":55}},"4":{"start":{"line":26,"column":34},"end":{"line":26,"column":71}},"5":{"start":{"line":27,"column":38},"end":{"line":27,"column":58}},"6":{"start":{"line":28,"column":40},"end":{"line":28,"column":84}},"7":{"start":{"line":29,"column":32},"end":{"line":29,"column":56}},"8":{"start":{"line":30,"column":38},"end":{"line":30,"column":58}},"9":{"start":{"line":32,"column":24},"end":{"line":47,"column":8}},"10":{"start":{"line":33,"column":4},"end":{"line":33,"column":21}},"11":{"start":{"line":34,"column":4},"end":{"line":46,"column":5}},"12":{"start":{"line":35,"column":23},"end":{"line":35,"column":73}},"13":{"start":{"line":36,"column":6},"end":{"line":40,"column":7}},"14":{"start":{"line":37,"column":8},"end":{"line":37,"column":58}},"15":{"start":{"line":39,"column":8},"end":{"line":39,"column":24}},"16":{"start":{"line":42,"column":6},"end":{"line":42,"column":53}},"17":{"start":{"line":43,"column":6},"end":{"line":43,"column":22}},"18":{"start":{"line":45,"column":6},"end":{"line":45,"column":24}},"19":{"start":{"line":49,"column":2},"end":{"line":52,"column":22}},"20":{"start":{"line":50,"column":4},"end":{"line":50,"column":20}},"21":{"start":{"line":54,"column":28},"end":{"line":78,"column":28}},"22":{"start":{"line":55,"column":18},"end":{"line":55,"column":49}},"23":{"start":{"line":56,"column":4},"end":{"line":56,"column":32}},"24":{"start":{"line":56,"column":16},"end":{"line":56,"column":32}},"25":{"start":{"line":58,"column":4},"end":{"line":77,"column":7}},"26":{"start":{"line":59,"column":22},"end":{"line":59,"column":88}},"27":{"start":{"line":60,"column":24},"end":{"line":60,"column":61}},"28":{"start":{"line":62,"column":26},"end":{"line":62,"column":90}},"29":{"start":{"line":63,"column":27},"end":{"line":63,"column":86}},"30":{"start":{"line":64,"column":23},"end":{"line":64,"column":85}},"31":{"start":{"line":65,"column":24},"end":{"line":65,"column":85}},"32":{"start":{"line":67,"column":31},"end":{"line":69,"column":15}},"33":{"start":{"line":68,"column":41},"end":{"line":68,"column":72}},"34":{"start":{"line":71,"column":27},"end":{"line":74,"column":15}},"35":{"start":{"line":76,"column":6},"end":{"line":76,"column":115}},"36":{"start":{"line":80,"column":15},"end":{"line":83,"column":3}},"37":{"start":{"line":81,"column":4},"end":{"line":81,"column":25}},"38":{"start":{"line":82,"column":4},"end":{"line":82,"column":25}},"39":{"start":{"line":85,"column":17},"end":{"line":88,"column":3}},"40":{"start":{"line":86,"column":4},"end":{"line":86,"column":27}},"41":{"start":{"line":87,"column":4},"end":{"line":87,"column":25}},"42":{"start":{"line":90,"column":18},"end":{"line":106,"column":3}},"43":{"start":{"line":91,"column":4},"end":{"line":91,"column":27}},"44":{"start":{"line":91,"column":20},"end":{"line":91,"column":27}},"45":{"start":{"line":92,"column":4},"end":{"line":92,"column":21}},"46":{"start":{"line":93,"column":4},"end":{"line":105,"column":5}},"47":{"start":{"line":94,"column":19},"end":{"line":94,"column":87}},"48":{"start":{"line":95,"column":6},"end":{"line":100,"column":7}},"49":{"start":{"line":96,"column":8},"end":{"line":96,"column":58}},"50":{"start":{"line":96,"column":28},"end":{"line":96,"column":56}},"51":{"start":{"line":97,"column":8},"end":{"line":97,"column":87}},"52":{"start":{"line":99,"column":8},"end":{"line":99,"column":107}},"53":{"start":{"line":102,"column":6},"end":{"line":102,"column":96}},"54":{"start":{"line":104,"column":6},"end":{"line":104,"column":24}},"55":{"start":{"line":108,"column":27},"end":{"line":111,"column":3}},"56":{"start":{"line":109,"column":4},"end":{"line":109,"column":26}},"57":{"start":{"line":110,"column":4},"end":{"line":110,"column":25}},"58":{"start":{"line":113,"column":21},"end":{"line":171,"column":3}},"59":{"start":{"line":114,"column":22},"end":{"line":114,"column":39}},"60":{"start":{"line":115,"column":18},"end":{"line":115,"column":23}},"61":{"start":{"line":117,"column":48},"end":{"line":125,"column":5}},"62":{"start":{"line":127,"column":4},"end":{"line":146,"column":5}},"63":{"start":{"line":128,"column":23},"end":{"line":128,"column":87}},"64":{"start":{"line":129,"column":6},"end":{"line":135,"column":7}},"65":{"start":{"line":130,"column":8},"end":{"line":130,"column":86}},"66":{"start":{"line":131,"column":8},"end":{"line":131,"column":23}},"67":{"start":{"line":134,"column":8},"end":{"line":134,"column":100}},"68":{"start":{"line":138,"column":23},"end":{"line":138,"column":87}},"69":{"start":{"line":139,"column":6},"end":{"line":145,"column":7}},"70":{"start":{"line":140,"column":8},"end":{"line":140,"column":86}},"71":{"start":{"line":141,"column":8},"end":{"line":141,"column":23}},"72":{"start":{"line":144,"column":8},"end":{"line":144,"column":100}},"73":{"start":{"line":148,"column":4},"end":{"line":167,"column":5}},"74":{"start":{"line":149,"column":49},"end":{"line":160,"column":7}},"75":{"start":{"line":150,"column":52},"end":{"line":150,"column":85}},"76":{"start":{"line":162,"column":6},"end":{"line":162,"column":73}},"77":{"start":{"line":162,"column":26},"end":{"line":162,"column":71}},"78":{"start":{"line":165,"column":6},"end":{"line":165,"column":28}},"79":{"start":{"line":166,"column":6},"end":{"line":166,"column":27}},"80":{"start":{"line":169,"column":4},"end":{"line":169,"column":26}},"81":{"start":{"line":170,"column":4},"end":{"line":170,"column":25}},"82":{"start":{"line":173,"column":64},"end":{"line":220,"column":3}},"83":{"start":{"line":179,"column":24},"end":{"line":179,"column":95}},"84":{"start":{"line":186,"column":24},"end":{"line":186,"column":85}},"85":{"start":{"line":193,"column":24},"end":{"line":193,"column":85}},"86":{"start":{"line":200,"column":24},"end":{"line":200,"column":82}},"87":{"start":{"line":207,"column":24},"end":{"line":207,"column":94}},"88":{"start":{"line":214,"column":8},"end":{"line":217,"column":16}},"89":{"start":{"line":215,"column":67},"end":{"line":215,"column":76}},"90":{"start":{"line":216,"column":71},"end":{"line":216,"column":81}},"91":{"start":{"line":222,"column":44},"end":{"line":222,"column":75}},"92":{"start":{"line":222,"column":55},"end":{"line":222,"column":75}},"93":{"start":{"line":223,"column":25},"end":{"line":223,"column":98}},"94":{"start":{"line":223,"column":69},"end":{"line":223,"column":98}},"95":{"start":{"line":225,"column":2},"end":{"line":282,"column":4}},"96":{"start":{"line":229,"column":63},"end":{"line":229,"column":80}},"97":{"start":{"line":262,"column":45},"end":{"line":262,"column":92}}},"fnMap":{"0":{"name":"EmissaoCombustivel","decl":{"start":{"line":21,"column":24},"end":{"line":21,"column":42}},"loc":{"start":{"line":21,"column":45},"end":{"line":283,"column":1}},"line":21},"1":{"name":"(anonymous_1)","decl":{"start":{"line":32,"column":36},"end":{"line":32,"column":37}},"loc":{"start":{"line":32,"column":48},"end":{"line":47,"column":3}},"line":32},"2":{"name":"(anonymous_2)","decl":{"start":{"line":49,"column":12},"end":{"line":49,"column":13}},"loc":{"start":{"line":49,"column":18},"end":{"line":52,"column":3}},"line":49},"3":{"name":"(anonymous_3)","decl":{"start":{"line":54,"column":36},"end":{"line":54,"column":37}},"loc":{"start":{"line":54,"column":42},"end":{"line":78,"column":3}},"line":54},"4":{"name":"(anonymous_4)","decl":{"start":{"line":58,"column":27},"end":{"line":58,"column":28}},"loc":{"start":{"line":58,"column":40},"end":{"line":77,"column":5}},"line":58},"5":{"name":"(anonymous_5)","decl":{"start":{"line":68,"column":34},"end":{"line":68,"column":35}},"loc":{"start":{"line":68,"column":41},"end":{"line":68,"column":72}},"line":68},"6":{"name":"(anonymous_6)","decl":{"start":{"line":80,"column":15},"end":{"line":80,"column":16}},"loc":{"start":{"line":80,"column":21},"end":{"line":83,"column":3}},"line":80},"7":{"name":"(anonymous_7)","decl":{"start":{"line":85,"column":17},"end":{"line":85,"column":18}},"loc":{"start":{"line":85,"column":52},"end":{"line":88,"column":3}},"line":85},"8":{"name":"(anonymous_8)","decl":{"start":{"line":90,"column":18},"end":{"line":90,"column":19}},"loc":{"start":{"line":90,"column":59},"end":{"line":106,"column":3}},"line":90},"9":{"name":"(anonymous_9)","decl":{"start":{"line":96,"column":20},"end":{"line":96,"column":21}},"loc":{"start":{"line":96,"column":28},"end":{"line":96,"column":56}},"line":96},"10":{"name":"(anonymous_10)","decl":{"start":{"line":108,"column":27},"end":{"line":108,"column":28}},"loc":{"start":{"line":108,"column":33},"end":{"line":111,"column":3}},"line":108},"11":{"name":"(anonymous_11)","decl":{"start":{"line":113,"column":21},"end":{"line":113,"column":22}},"loc":{"start":{"line":113,"column":62},"end":{"line":171,"column":3}},"line":113},"12":{"name":"(anonymous_12)","decl":{"start":{"line":150,"column":42},"end":{"line":150,"column":43}},"loc":{"start":{"line":150,"column":52},"end":{"line":150,"column":85}},"line":150},"13":{"name":"(anonymous_13)","decl":{"start":{"line":162,"column":18},"end":{"line":162,"column":19}},"loc":{"start":{"line":162,"column":26},"end":{"line":162,"column":71}},"line":162},"14":{"name":"(anonymous_14)","decl":{"start":{"line":179,"column":14},"end":{"line":179,"column":15}},"loc":{"start":{"line":179,"column":24},"end":{"line":179,"column":95}},"line":179},"15":{"name":"(anonymous_15)","decl":{"start":{"line":186,"column":14},"end":{"line":186,"column":15}},"loc":{"start":{"line":186,"column":24},"end":{"line":186,"column":85}},"line":186},"16":{"name":"(anonymous_16)","decl":{"start":{"line":193,"column":14},"end":{"line":193,"column":15}},"loc":{"start":{"line":193,"column":24},"end":{"line":193,"column":85}},"line":193},"17":{"name":"(anonymous_17)","decl":{"start":{"line":200,"column":14},"end":{"line":200,"column":15}},"loc":{"start":{"line":200,"column":24},"end":{"line":200,"column":82}},"line":200},"18":{"name":"(anonymous_18)","decl":{"start":{"line":207,"column":14},"end":{"line":207,"column":15}},"loc":{"start":{"line":207,"column":24},"end":{"line":207,"column":94}},"line":207},"19":{"name":"(anonymous_19)","decl":{"start":{"line":213,"column":14},"end":{"line":213,"column":15}},"loc":{"start":{"line":214,"column":8},"end":{"line":217,"column":16}},"line":214},"20":{"name":"(anonymous_20)","decl":{"start":{"line":215,"column":61},"end":{"line":215,"column":62}},"loc":{"start":{"line":215,"column":67},"end":{"line":215,"column":76}},"line":215},"21":{"name":"(anonymous_21)","decl":{"start":{"line":216,"column":65},"end":{"line":216,"column":66}},"loc":{"start":{"line":216,"column":71},"end":{"line":216,"column":81}},"line":216},"22":{"name":"(anonymous_22)","decl":{"start":{"line":222,"column":44},"end":{"line":222,"column":45}},"loc":{"start":{"line":222,"column":55},"end":{"line":222,"column":75}},"line":222},"23":{"name":"(anonymous_23)","decl":{"start":{"line":223,"column":25},"end":{"line":223,"column":26}},"loc":{"start":{"line":223,"column":69},"end":{"line":223,"column":98}},"line":223},"24":{"name":"(anonymous_24)","decl":{"start":{"line":229,"column":57},"end":{"line":229,"column":58}},"loc":{"start":{"line":229,"column":63},"end":{"line":229,"column":80}},"line":229},"25":{"name":"(anonymous_25)","decl":{"start":{"line":262,"column":27},"end":{"line":262,"column":28}},"loc":{"start":{"line":262,"column":45},"end":{"line":262,"column":92}},"line":262}},"branchMap":{"0":{"loc":{"start":{"line":36,"column":6},"end":{"line":40,"column":7}},"type":"if","locations":[{"start":{"line":36,"column":6},"end":{"line":40,"column":7}},{"start":{"line":38,"column":13},"end":{"line":40,"column":7}}],"line":36},"1":{"loc":{"start":{"line":36,"column":10},"end":{"line":36,"column":58}},"type":"binary-expr","locations":[{"start":{"line":36,"column":10},"end":{"line":36,"column":26}},{"start":{"line":36,"column":30},"end":{"line":36,"column":58}}],"line":36},"2":{"loc":{"start":{"line":56,"column":4},"end":{"line":56,"column":32}},"type":"if","locations":[{"start":{"line":56,"column":4},"end":{"line":56,"column":32}},{"start":{},"end":{}}],"line":56},"3":{"loc":{"start":{"line":59,"column":22},"end":{"line":59,"column":88}},"type":"cond-expr","locations":[{"start":{"line":59,"column":50},"end":{"line":59,"column":83}},{"start":{"line":59,"column":86},"end":{"line":59,"column":88}}],"line":59},"4":{"loc":{"start":{"line":62,"column":33},"end":{"line":62,"column":59}},"type":"binary-expr","locations":[{"start":{"line":62,"column":33},"end":{"line":62,"column":53}},{"start":{"line":62,"column":57},"end":{"line":62,"column":59}}],"line":62},"5":{"loc":{"start":{"line":63,"column":34},"end":{"line":63,"column":55}},"type":"binary-expr","locations":[{"start":{"line":63,"column":34},"end":{"line":63,"column":49}},{"start":{"line":63,"column":53},"end":{"line":63,"column":55}}],"line":63},"6":{"loc":{"start":{"line":64,"column":30},"end":{"line":64,"column":54}},"type":"binary-expr","locations":[{"start":{"line":64,"column":30},"end":{"line":64,"column":48}},{"start":{"line":64,"column":52},"end":{"line":64,"column":54}}],"line":64},"7":{"loc":{"start":{"line":65,"column":25},"end":{"line":65,"column":54}},"type":"binary-expr","locations":[{"start":{"line":65,"column":25},"end":{"line":65,"column":48}},{"start":{"line":65,"column":52},"end":{"line":65,"column":54}}],"line":65},"8":{"loc":{"start":{"line":67,"column":31},"end":{"line":69,"column":15}},"type":"cond-expr","locations":[{"start":{"line":68,"column":10},"end":{"line":68,"column":73}},{"start":{"line":69,"column":10},"end":{"line":69,"column":15}}],"line":67},"9":{"loc":{"start":{"line":71,"column":27},"end":{"line":74,"column":15}},"type":"cond-expr","locations":[{"start":{"line":72,"column":10},"end":{"line":73,"column":69}},{"start":{"line":74,"column":10},"end":{"line":74,"column":15}}],"line":71},"10":{"loc":{"start":{"line":72,"column":10},"end":{"line":73,"column":69}},"type":"binary-expr","locations":[{"start":{"line":72,"column":10},"end":{"line":72,"column":72}},{"start":{"line":73,"column":8},"end":{"line":73,"column":69}}],"line":72},"11":{"loc":{"start":{"line":76,"column":13},"end":{"line":76,"column":114}},"type":"binary-expr","locations":[{"start":{"line":76,"column":13},"end":{"line":76,"column":22}},{"start":{"line":76,"column":26},"end":{"line":76,"column":37}},{"start":{"line":76,"column":41},"end":{"line":76,"column":53}},{"start":{"line":76,"column":57},"end":{"line":76,"column":65}},{"start":{"line":76,"column":69},"end":{"line":76,"column":78}},{"start":{"line":76,"column":82},"end":{"line":76,"column":98}},{"start":{"line":76,"column":102},"end":{"line":76,"column":114}}],"line":76},"12":{"loc":{"start":{"line":91,"column":4},"end":{"line":91,"column":27}},"type":"if","locations":[{"start":{"line":91,"column":4},"end":{"line":91,"column":27}},{"start":{},"end":{}}],"line":91},"13":{"loc":{"start":{"line":95,"column":6},"end":{"line":100,"column":7}},"type":"if","locations":[{"start":{"line":95,"column":6},"end":{"line":100,"column":7}},{"start":{"line":98,"column":13},"end":{"line":100,"column":7}}],"line":95},"14":{"loc":{"start":{"line":99,"column":50},"end":{"line":99,"column":103}},"type":"binary-expr","locations":[{"start":{"line":99,"column":50},"end":{"line":99,"column":62}},{"start":{"line":99,"column":66},"end":{"line":99,"column":103}}],"line":99},"15":{"loc":{"start":{"line":102,"column":48},"end":{"line":102,"column":92}},"type":"binary-expr","locations":[{"start":{"line":102,"column":48},"end":{"line":102,"column":60}},{"start":{"line":102,"column":64},"end":{"line":102,"column":92}}],"line":102},"16":{"loc":{"start":{"line":118,"column":10},"end":{"line":118,"column":41}},"type":"cond-expr","locations":[{"start":{"line":118,"column":22},"end":{"line":118,"column":37}},{"start":{"line":118,"column":40},"end":{"line":118,"column":41}}],"line":118},"17":{"loc":{"start":{"line":123,"column":25},"end":{"line":123,"column":61}},"type":"binary-expr","locations":[{"start":{"line":123,"column":25},"end":{"line":123,"column":56}},{"start":{"line":123,"column":60},"end":{"line":123,"column":61}}],"line":123},"18":{"loc":{"start":{"line":124,"column":27},"end":{"line":124,"column":51}},"type":"binary-expr","locations":[{"start":{"line":124,"column":27},"end":{"line":124,"column":46}},{"start":{"line":124,"column":50},"end":{"line":124,"column":51}}],"line":124},"19":{"loc":{"start":{"line":127,"column":4},"end":{"line":146,"column":5}},"type":"if","locations":[{"start":{"line":127,"column":4},"end":{"line":146,"column":5}},{"start":{"line":137,"column":9},"end":{"line":146,"column":5}}],"line":127},"20":{"loc":{"start":{"line":129,"column":6},"end":{"line":135,"column":7}},"type":"if","locations":[{"start":{"line":129,"column":6},"end":{"line":135,"column":7}},{"start":{"line":133,"column":11},"end":{"line":135,"column":7}}],"line":129},"21":{"loc":{"start":{"line":139,"column":6},"end":{"line":145,"column":7}},"type":"if","locations":[{"start":{"line":139,"column":6},"end":{"line":145,"column":7}},{"start":{"line":143,"column":11},"end":{"line":145,"column":7}}],"line":139},"22":{"loc":{"start":{"line":148,"column":4},"end":{"line":167,"column":5}},"type":"if","locations":[{"start":{"line":148,"column":4},"end":{"line":167,"column":5}},{"start":{},"end":{}}],"line":148},"23":{"loc":{"start":{"line":150,"column":12},"end":{"line":150,"column":94}},"type":"binary-expr","locations":[{"start":{"line":150,"column":12},"end":{"line":150,"column":21}},{"start":{"line":150,"column":26},"end":{"line":150,"column":93}}],"line":150},"24":{"loc":{"start":{"line":150,"column":52},"end":{"line":150,"column":85}},"type":"cond-expr","locations":[{"start":{"line":150,"column":71},"end":{"line":150,"column":80}},{"start":{"line":150,"column":84},"end":{"line":150,"column":85}}],"line":150},"25":{"loc":{"start":{"line":150,"column":53},"end":{"line":150,"column":62}},"type":"binary-expr","locations":[{"start":{"line":150,"column":53},"end":{"line":150,"column":57}},{"start":{"line":150,"column":61},"end":{"line":150,"column":62}}],"line":150},"26":{"loc":{"start":{"line":150,"column":71},"end":{"line":150,"column":80}},"type":"binary-expr","locations":[{"start":{"line":150,"column":71},"end":{"line":150,"column":75}},{"start":{"line":150,"column":79},"end":{"line":150,"column":80}}],"line":150},"27":{"loc":{"start":{"line":153,"column":25},"end":{"line":153,"column":85}},"type":"binary-expr","locations":[{"start":{"line":153,"column":25},"end":{"line":153,"column":47}},{"start":{"line":153,"column":51},"end":{"line":153,"column":79}},{"start":{"line":153,"column":83},"end":{"line":153,"column":85}}],"line":153},"28":{"loc":{"start":{"line":235,"column":9},"end":{"line":235,"column":33}},"type":"binary-expr","locations":[{"start":{"line":235,"column":9},"end":{"line":235,"column":16}},{"start":{"line":235,"column":21},"end":{"line":235,"column":32}}],"line":235},"29":{"loc":{"start":{"line":265,"column":27},"end":{"line":267,"column":44}},"type":"cond-expr","locations":[{"start":{"line":266,"column":20},"end":{"line":266,"column":70}},{"start":{"line":267,"column":20},"end":{"line":267,"column":44}}],"line":265}},"s":{"0":1,"1":31,"2":31,"3":31,"4":31,"5":31,"6":31,"7":31,"8":31,"9":31,"10":7,"11":7,"12":7,"13":7,"14":7,"15":0,"16":0,"17":0,"18":7,"19":31,"20":7,"21":31,"22":18,"23":18,"24":17,"25":1,"26":3,"27":3,"28":3,"29":3,"30":3,"31":3,"32":3,"33":9,"34":3,"35":3,"36":31,"37":3,"38":3,"39":31,"40":2,"41":2,"42":31,"43":1,"44":0,"45":1,"46":1,"47":1,"48":1,"49":1,"50":1,"51":1,"52":0,"53":0,"54":1,"55":31,"56":0,"57":0,"58":31,"59":4,"60":4,"61":4,"62":4,"63":2,"64":2,"65":1,"66":1,"67":1,"68":2,"69":2,"70":1,"71":1,"72":1,"73":4,"74":2,"75":0,"76":2,"77":2,"78":2,"79":2,"80":4,"81":4,"82":31,"83":49,"84":49,"85":49,"86":49,"87":49,"88":49,"89":2,"90":1,"91":31,"92":0,"93":31,"94":1,"95":31,"96":0,"97":19},"f":{"0":31,"1":7,"2":7,"3":18,"4":3,"5":9,"6":3,"7":2,"8":1,"9":1,"10":0,"11":4,"12":0,"13":2,"14":49,"15":49,"16":49,"17":49,"18":49,"19":49,"20":2,"21":1,"22":0,"23":1,"24":0,"25":19},"b":{"0":[7,0],"1":[7,7],"2":[17,1],"3":[3,0],"4":[3,0],"5":[3,0],"6":[3,0],"7":[3,0],"8":[3,0],"9":[3,0],"10":[3,3],"11":[3,2,2,2,2,2,2],"12":[0,1],"13":[1,0],"14":[0,0],"15":[0,0],"16":[2,2],"17":[4,0],"18":[4,0],"19":[2,2],"20":[1,1],"21":[1,1],"22":[2,2],"23":[2,0],"24":[0,0],"25":[0,0],"26":[0,0],"27":[2,0,0],"28":[31,8],"29":[1,30]},"_coverageSchema":"1a1c01bbd47fc00a2c39e90264f33305004495a9","hash":"aadf1c5b1afd3fdcfdf41547c4cea35a43f0f522"}
,"C:\\Softs\\ecoLog\\src\\pages\\emissao_energia\\EmissaoEnergia.tsx": {"path":"C:\\Softs\\ecoLog\\src\\pages\\emissao_energia\\EmissaoEnergia.tsx","statementMap":{"0":{"start":{"line":22,"column":17},"end":{"line":22,"column":57}},"1":{"start":{"line":25,"column":21},"end":{"line":25,"column":34}},"2":{"start":{"line":26,"column":23},"end":{"line":26,"column":28}},"3":{"start":{"line":27,"column":34},"end":{"line":27,"column":49}},"4":{"start":{"line":28,"column":42},"end":{"line":28,"column":57}},"5":{"start":{"line":29,"column":36},"end":{"line":29,"column":69}},"6":{"start":{"line":30,"column":34},"end":{"line":30,"column":67}},"7":{"start":{"line":31,"column":40},"end":{"line":31,"column":60}},"8":{"start":{"line":32,"column":42},"end":{"line":32,"column":82}},"9":{"start":{"line":33,"column":40},"end":{"line":33,"column":60}},"10":{"start":{"line":35,"column":26},"end":{"line":50,"column":10}},"11":{"start":{"line":36,"column":8},"end":{"line":36,"column":25}},"12":{"start":{"line":37,"column":8},"end":{"line":49,"column":9}},"13":{"start":{"line":38,"column":29},"end":{"line":38,"column":75}},"14":{"start":{"line":39,"column":12},"end":{"line":43,"column":13}},"15":{"start":{"line":40,"column":16},"end":{"line":40,"column":66}},"16":{"start":{"line":42,"column":16},"end":{"line":42,"column":32}},"17":{"start":{"line":45,"column":12},"end":{"line":45,"column":59}},"18":{"start":{"line":46,"column":12},"end":{"line":46,"column":28}},"19":{"start":{"line":48,"column":12},"end":{"line":48,"column":30}},"20":{"start":{"line":52,"column":25},"end":{"line":64,"column":10}},"21":{"start":{"line":53,"column":8},"end":{"line":53,"column":25}},"22":{"start":{"line":54,"column":8},"end":{"line":63,"column":9}},"23":{"start":{"line":55,"column":29},"end":{"line":55,"column":59}},"24":{"start":{"line":56,"column":12},"end":{"line":58,"column":13}},"25":{"start":{"line":57,"column":16},"end":{"line":57,"column":37}},"26":{"start":{"line":60,"column":12},"end":{"line":60,"column":58}},"27":{"start":{"line":62,"column":12},"end":{"line":62,"column":30}},"28":{"start":{"line":66,"column":4},"end":{"line":69,"column":38}},"29":{"start":{"line":67,"column":8},"end":{"line":67,"column":24}},"30":{"start":{"line":68,"column":8},"end":{"line":68,"column":23}},"31":{"start":{"line":71,"column":30},"end":{"line":98,"column":30}},"32":{"start":{"line":72,"column":22},"end":{"line":72,"column":53}},"33":{"start":{"line":73,"column":8},"end":{"line":73,"column":36}},"34":{"start":{"line":73,"column":20},"end":{"line":73,"column":36}},"35":{"start":{"line":75,"column":8},"end":{"line":97,"column":11}},"36":{"start":{"line":76,"column":28},"end":{"line":76,"column":94}},"37":{"start":{"line":77,"column":30},"end":{"line":77,"column":67}},"38":{"start":{"line":79,"column":29},"end":{"line":81,"column":32}},"39":{"start":{"line":83,"column":29},"end":{"line":85,"column":32}},"40":{"start":{"line":87,"column":37},"end":{"line":89,"column":23}},"41":{"start":{"line":88,"column":47},"end":{"line":88,"column":78}},"42":{"start":{"line":91,"column":33},"end":{"line":94,"column":23}},"43":{"start":{"line":96,"column":12},"end":{"line":96,"column":89}},"44":{"start":{"line":101,"column":8},"end":{"line":101,"column":29}},"45":{"start":{"line":102,"column":8},"end":{"line":102,"column":29}},"46":{"start":{"line":106,"column":8},"end":{"line":106,"column":31}},"47":{"start":{"line":107,"column":8},"end":{"line":107,"column":29}},"48":{"start":{"line":111,"column":8},"end":{"line":111,"column":31}},"49":{"start":{"line":111,"column":24},"end":{"line":111,"column":31}},"50":{"start":{"line":112,"column":8},"end":{"line":112,"column":25}},"51":{"start":{"line":113,"column":8},"end":{"line":125,"column":9}},"52":{"start":{"line":114,"column":25},"end":{"line":114,"column":85}},"53":{"start":{"line":115,"column":12},"end":{"line":120,"column":13}},"54":{"start":{"line":116,"column":16},"end":{"line":116,"column":66}},"55":{"start":{"line":116,"column":36},"end":{"line":116,"column":64}},"56":{"start":{"line":117,"column":16},"end":{"line":117,"column":95}},"57":{"start":{"line":119,"column":16},"end":{"line":119,"column":115}},"58":{"start":{"line":122,"column":12},"end":{"line":122,"column":102}},"59":{"start":{"line":124,"column":12},"end":{"line":124,"column":30}},"60":{"start":{"line":128,"column":29},"end":{"line":131,"column":5}},"61":{"start":{"line":129,"column":8},"end":{"line":129,"column":30}},"62":{"start":{"line":130,"column":8},"end":{"line":130,"column":29}},"63":{"start":{"line":133,"column":23},"end":{"line":205,"column":5}},"64":{"start":{"line":134,"column":8},"end":{"line":204,"column":9}},"65":{"start":{"line":135,"column":30},"end":{"line":135,"column":47}},"66":{"start":{"line":136,"column":26},"end":{"line":136,"column":31}},"67":{"start":{"line":137,"column":12},"end":{"line":137,"column":29}},"68":{"start":{"line":140,"column":36},"end":{"line":142,"column":29}},"69":{"start":{"line":144,"column":39},"end":{"line":146,"column":39}},"70":{"start":{"line":148,"column":12},"end":{"line":151,"column":13}},"71":{"start":{"line":149,"column":16},"end":{"line":149,"column":86}},"72":{"start":{"line":150,"column":16},"end":{"line":150,"column":23}},"73":{"start":{"line":153,"column":52},"end":{"line":160,"column":13}},"74":{"start":{"line":162,"column":12},"end":{"line":181,"column":13}},"75":{"start":{"line":163,"column":33},"end":{"line":163,"column":89}},"76":{"start":{"line":164,"column":16},"end":{"line":170,"column":17}},"77":{"start":{"line":165,"column":20},"end":{"line":165,"column":98}},"78":{"start":{"line":166,"column":20},"end":{"line":166,"column":35}},"79":{"start":{"line":169,"column":20},"end":{"line":169,"column":112}},"80":{"start":{"line":173,"column":33},"end":{"line":173,"column":89}},"81":{"start":{"line":174,"column":16},"end":{"line":180,"column":17}},"82":{"start":{"line":175,"column":20},"end":{"line":175,"column":98}},"83":{"start":{"line":176,"column":20},"end":{"line":176,"column":35}},"84":{"start":{"line":179,"column":20},"end":{"line":179,"column":112}},"85":{"start":{"line":182,"column":12},"end":{"line":198,"column":13}},"86":{"start":{"line":183,"column":55},"end":{"line":192,"column":17}},"87":{"start":{"line":184,"column":64},"end":{"line":184,"column":97}},"88":{"start":{"line":194,"column":16},"end":{"line":194,"column":83}},"89":{"start":{"line":194,"column":36},"end":{"line":194,"column":81}},"90":{"start":{"line":196,"column":16},"end":{"line":196,"column":38}},"91":{"start":{"line":197,"column":16},"end":{"line":197,"column":37}},"92":{"start":{"line":200,"column":12},"end":{"line":200,"column":93}},"93":{"start":{"line":203,"column":12},"end":{"line":203,"column":30}},"94":{"start":{"line":207,"column":62},"end":{"line":254,"column":5}},"95":{"start":{"line":214,"column":16},"end":{"line":214,"column":92}},"96":{"start":{"line":223,"column":16},"end":{"line":223,"column":83}},"97":{"start":{"line":232,"column":16},"end":{"line":232,"column":80}},"98":{"start":{"line":240,"column":16},"end":{"line":251,"column":24}},"99":{"start":{"line":241,"column":77},"end":{"line":241,"column":91}},"100":{"start":{"line":247,"column":41},"end":{"line":247,"column":56}},"101":{"start":{"line":256,"column":46},"end":{"line":258,"column":5}},"102":{"start":{"line":257,"column":8},"end":{"line":257,"column":29}},"103":{"start":{"line":260,"column":27},"end":{"line":262,"column":5}},"104":{"start":{"line":261,"column":8},"end":{"line":261,"column":38}},"105":{"start":{"line":264,"column":4},"end":{"line":322,"column":6}},"106":{"start":{"line":268,"column":73},"end":{"line":268,"column":90}},"107":{"start":{"line":302,"column":61},"end":{"line":302,"column":108}}},"fnMap":{"0":{"name":"EmissaoEnergia","decl":{"start":{"line":24,"column":24},"end":{"line":24,"column":38}},"loc":{"start":{"line":24,"column":41},"end":{"line":323,"column":1}},"line":24},"1":{"name":"(anonymous_1)","decl":{"start":{"line":35,"column":38},"end":{"line":35,"column":39}},"loc":{"start":{"line":35,"column":50},"end":{"line":50,"column":5}},"line":35},"2":{"name":"(anonymous_2)","decl":{"start":{"line":52,"column":37},"end":{"line":52,"column":38}},"loc":{"start":{"line":52,"column":49},"end":{"line":64,"column":5}},"line":52},"3":{"name":"(anonymous_3)","decl":{"start":{"line":66,"column":14},"end":{"line":66,"column":15}},"loc":{"start":{"line":66,"column":20},"end":{"line":69,"column":5}},"line":66},"4":{"name":"(anonymous_4)","decl":{"start":{"line":71,"column":38},"end":{"line":71,"column":39}},"loc":{"start":{"line":71,"column":44},"end":{"line":98,"column":5}},"line":71},"5":{"name":"(anonymous_5)","decl":{"start":{"line":75,"column":31},"end":{"line":75,"column":32}},"loc":{"start":{"line":75,"column":44},"end":{"line":97,"column":9}},"line":75},"6":{"name":"(anonymous_6)","decl":{"start":{"line":88,"column":42},"end":{"line":88,"column":43}},"loc":{"start":{"line":88,"column":47},"end":{"line":88,"column":78}},"line":88},"7":{"name":"novo","decl":{"start":{"line":100,"column":13},"end":{"line":100,"column":17}},"loc":{"start":{"line":100,"column":20},"end":{"line":103,"column":5}},"line":100},"8":{"name":"editar","decl":{"start":{"line":105,"column":13},"end":{"line":105,"column":19}},"loc":{"start":{"line":105,"column":47},"end":{"line":108,"column":5}},"line":105},"9":{"name":"excluir","decl":{"start":{"line":110,"column":19},"end":{"line":110,"column":26}},"loc":{"start":{"line":110,"column":54},"end":{"line":126,"column":5}},"line":110},"10":{"name":"(anonymous_10)","decl":{"start":{"line":116,"column":28},"end":{"line":116,"column":29}},"loc":{"start":{"line":116,"column":36},"end":{"line":116,"column":64}},"line":116},"11":{"name":"(anonymous_11)","decl":{"start":{"line":128,"column":29},"end":{"line":128,"column":30}},"loc":{"start":{"line":128,"column":35},"end":{"line":131,"column":5}},"line":128},"12":{"name":"(anonymous_12)","decl":{"start":{"line":133,"column":23},"end":{"line":133,"column":24}},"loc":{"start":{"line":133,"column":60},"end":{"line":205,"column":5}},"line":133},"13":{"name":"(anonymous_13)","decl":{"start":{"line":184,"column":54},"end":{"line":184,"column":55}},"loc":{"start":{"line":184,"column":64},"end":{"line":184,"column":97}},"line":184},"14":{"name":"(anonymous_14)","decl":{"start":{"line":194,"column":28},"end":{"line":194,"column":29}},"loc":{"start":{"line":194,"column":36},"end":{"line":194,"column":81}},"line":194},"15":{"name":"(anonymous_15)","decl":{"start":{"line":213,"column":20},"end":{"line":213,"column":21}},"loc":{"start":{"line":214,"column":16},"end":{"line":214,"column":92}},"line":214},"16":{"name":"(anonymous_16)","decl":{"start":{"line":222,"column":20},"end":{"line":222,"column":21}},"loc":{"start":{"line":223,"column":16},"end":{"line":223,"column":83}},"line":223},"17":{"name":"(anonymous_17)","decl":{"start":{"line":231,"column":20},"end":{"line":231,"column":21}},"loc":{"start":{"line":232,"column":16},"end":{"line":232,"column":80}},"line":232},"18":{"name":"(anonymous_18)","decl":{"start":{"line":239,"column":20},"end":{"line":239,"column":21}},"loc":{"start":{"line":240,"column":16},"end":{"line":251,"column":24}},"line":240},"19":{"name":"(anonymous_19)","decl":{"start":{"line":241,"column":71},"end":{"line":241,"column":72}},"loc":{"start":{"line":241,"column":77},"end":{"line":241,"column":91}},"line":241},"20":{"name":"(anonymous_20)","decl":{"start":{"line":247,"column":35},"end":{"line":247,"column":36}},"loc":{"start":{"line":247,"column":41},"end":{"line":247,"column":56}},"line":247},"21":{"name":"(anonymous_21)","decl":{"start":{"line":256,"column":46},"end":{"line":256,"column":47}},"loc":{"start":{"line":256,"column":57},"end":{"line":258,"column":5}},"line":256},"22":{"name":"(anonymous_22)","decl":{"start":{"line":260,"column":27},"end":{"line":260,"column":28}},"loc":{"start":{"line":260,"column":71},"end":{"line":262,"column":5}},"line":260},"23":{"name":"(anonymous_23)","decl":{"start":{"line":268,"column":67},"end":{"line":268,"column":68}},"loc":{"start":{"line":268,"column":73},"end":{"line":268,"column":90}},"line":268},"24":{"name":"(anonymous_24)","decl":{"start":{"line":302,"column":43},"end":{"line":302,"column":44}},"loc":{"start":{"line":302,"column":61},"end":{"line":302,"column":108}},"line":302}},"branchMap":{"0":{"loc":{"start":{"line":39,"column":12},"end":{"line":43,"column":13}},"type":"if","locations":[{"start":{"line":39,"column":12},"end":{"line":43,"column":13}},{"start":{"line":41,"column":19},"end":{"line":43,"column":13}}],"line":39},"1":{"loc":{"start":{"line":39,"column":16},"end":{"line":39,"column":64}},"type":"binary-expr","locations":[{"start":{"line":39,"column":16},"end":{"line":39,"column":32}},{"start":{"line":39,"column":36},"end":{"line":39,"column":64}}],"line":39},"2":{"loc":{"start":{"line":56,"column":12},"end":{"line":58,"column":13}},"type":"if","locations":[{"start":{"line":56,"column":12},"end":{"line":58,"column":13}},{"start":{},"end":{}}],"line":56},"3":{"loc":{"start":{"line":73,"column":8},"end":{"line":73,"column":36}},"type":"if","locations":[{"start":{"line":73,"column":8},"end":{"line":73,"column":36}},{"start":{},"end":{}}],"line":73},"4":{"loc":{"start":{"line":76,"column":28},"end":{"line":76,"column":94}},"type":"cond-expr","locations":[{"start":{"line":76,"column":56},"end":{"line":76,"column":89}},{"start":{"line":76,"column":92},"end":{"line":76,"column":94}}],"line":76},"5":{"loc":{"start":{"line":79,"column":36},"end":{"line":79,"column":62}},"type":"binary-expr","locations":[{"start":{"line":79,"column":36},"end":{"line":79,"column":56}},{"start":{"line":79,"column":60},"end":{"line":79,"column":62}}],"line":79},"6":{"loc":{"start":{"line":83,"column":36},"end":{"line":83,"column":60}},"type":"binary-expr","locations":[{"start":{"line":83,"column":36},"end":{"line":83,"column":54}},{"start":{"line":83,"column":58},"end":{"line":83,"column":60}}],"line":83},"7":{"loc":{"start":{"line":87,"column":37},"end":{"line":89,"column":23}},"type":"cond-expr","locations":[{"start":{"line":88,"column":18},"end":{"line":88,"column":79}},{"start":{"line":89,"column":18},"end":{"line":89,"column":23}}],"line":87},"8":{"loc":{"start":{"line":91,"column":33},"end":{"line":94,"column":23}},"type":"cond-expr","locations":[{"start":{"line":92,"column":19},"end":{"line":93,"column":81}},{"start":{"line":94,"column":18},"end":{"line":94,"column":23}}],"line":91},"9":{"loc":{"start":{"line":92,"column":19},"end":{"line":93,"column":81}},"type":"binary-expr","locations":[{"start":{"line":92,"column":19},"end":{"line":92,"column":81}},{"start":{"line":93,"column":20},"end":{"line":93,"column":81}}],"line":92},"10":{"loc":{"start":{"line":96,"column":19},"end":{"line":96,"column":88}},"type":"binary-expr","locations":[{"start":{"line":96,"column":19},"end":{"line":96,"column":28}},{"start":{"line":96,"column":32},"end":{"line":96,"column":40}},{"start":{"line":96,"column":44},"end":{"line":96,"column":52}},{"start":{"line":96,"column":56},"end":{"line":96,"column":72}},{"start":{"line":96,"column":76},"end":{"line":96,"column":88}}],"line":96},"11":{"loc":{"start":{"line":111,"column":8},"end":{"line":111,"column":31}},"type":"if","locations":[{"start":{"line":111,"column":8},"end":{"line":111,"column":31}},{"start":{},"end":{}}],"line":111},"12":{"loc":{"start":{"line":115,"column":12},"end":{"line":120,"column":13}},"type":"if","locations":[{"start":{"line":115,"column":12},"end":{"line":120,"column":13}},{"start":{"line":118,"column":19},"end":{"line":120,"column":13}}],"line":115},"13":{"loc":{"start":{"line":119,"column":58},"end":{"line":119,"column":111}},"type":"binary-expr","locations":[{"start":{"line":119,"column":58},"end":{"line":119,"column":70}},{"start":{"line":119,"column":74},"end":{"line":119,"column":111}}],"line":119},"14":{"loc":{"start":{"line":122,"column":54},"end":{"line":122,"column":98}},"type":"binary-expr","locations":[{"start":{"line":122,"column":54},"end":{"line":122,"column":66}},{"start":{"line":122,"column":70},"end":{"line":122,"column":98}}],"line":122},"15":{"loc":{"start":{"line":140,"column":36},"end":{"line":142,"column":29}},"type":"cond-expr","locations":[{"start":{"line":141,"column":19},"end":{"line":141,"column":56}},{"start":{"line":142,"column":18},"end":{"line":142,"column":29}}],"line":140},"16":{"loc":{"start":{"line":141,"column":19},"end":{"line":141,"column":56}},"type":"binary-expr","locations":[{"start":{"line":141,"column":19},"end":{"line":141,"column":41}},{"start":{"line":141,"column":45},"end":{"line":141,"column":56}}],"line":141},"17":{"loc":{"start":{"line":144,"column":39},"end":{"line":146,"column":39}},"type":"cond-expr","locations":[{"start":{"line":145,"column":19},"end":{"line":145,"column":69}},{"start":{"line":146,"column":18},"end":{"line":146,"column":39}}],"line":144},"18":{"loc":{"start":{"line":145,"column":19},"end":{"line":145,"column":69}},"type":"binary-expr","locations":[{"start":{"line":145,"column":19},"end":{"line":145,"column":44}},{"start":{"line":145,"column":48},"end":{"line":145,"column":69}}],"line":145},"19":{"loc":{"start":{"line":148,"column":12},"end":{"line":151,"column":13}},"type":"if","locations":[{"start":{"line":148,"column":12},"end":{"line":151,"column":13}},{"start":{},"end":{}}],"line":148},"20":{"loc":{"start":{"line":148,"column":16},"end":{"line":148,"column":62}},"type":"binary-expr","locations":[{"start":{"line":148,"column":16},"end":{"line":148,"column":32}},{"start":{"line":148,"column":36},"end":{"line":148,"column":62}}],"line":148},"21":{"loc":{"start":{"line":154,"column":20},"end":{"line":154,"column":59}},"type":"cond-expr","locations":[{"start":{"line":154,"column":32},"end":{"line":154,"column":47}},{"start":{"line":154,"column":50},"end":{"line":154,"column":59}}],"line":154},"22":{"loc":{"start":{"line":159,"column":37},"end":{"line":159,"column":100}},"type":"binary-expr","locations":[{"start":{"line":159,"column":37},"end":{"line":159,"column":54}},{"start":{"line":159,"column":59},"end":{"line":159,"column":99}}],"line":159},"23":{"loc":{"start":{"line":162,"column":12},"end":{"line":181,"column":13}},"type":"if","locations":[{"start":{"line":162,"column":12},"end":{"line":181,"column":13}},{"start":{"line":172,"column":17},"end":{"line":181,"column":13}}],"line":162},"24":{"loc":{"start":{"line":164,"column":16},"end":{"line":170,"column":17}},"type":"if","locations":[{"start":{"line":164,"column":16},"end":{"line":170,"column":17}},{"start":{"line":168,"column":21},"end":{"line":170,"column":17}}],"line":164},"25":{"loc":{"start":{"line":174,"column":16},"end":{"line":180,"column":17}},"type":"if","locations":[{"start":{"line":174,"column":16},"end":{"line":180,"column":17}},{"start":{"line":178,"column":21},"end":{"line":180,"column":17}}],"line":174},"26":{"loc":{"start":{"line":182,"column":12},"end":{"line":198,"column":13}},"type":"if","locations":[{"start":{"line":182,"column":12},"end":{"line":198,"column":13}},{"start":{},"end":{}}],"line":182},"27":{"loc":{"start":{"line":184,"column":24},"end":{"line":184,"column":106}},"type":"binary-expr","locations":[{"start":{"line":184,"column":24},"end":{"line":184,"column":33}},{"start":{"line":184,"column":38},"end":{"line":184,"column":105}}],"line":184},"28":{"loc":{"start":{"line":184,"column":64},"end":{"line":184,"column":97}},"type":"cond-expr","locations":[{"start":{"line":184,"column":83},"end":{"line":184,"column":92}},{"start":{"line":184,"column":96},"end":{"line":184,"column":97}}],"line":184},"29":{"loc":{"start":{"line":184,"column":65},"end":{"line":184,"column":74}},"type":"binary-expr","locations":[{"start":{"line":184,"column":65},"end":{"line":184,"column":69}},{"start":{"line":184,"column":73},"end":{"line":184,"column":74}}],"line":184},"30":{"loc":{"start":{"line":184,"column":83},"end":{"line":184,"column":92}},"type":"binary-expr","locations":[{"start":{"line":184,"column":83},"end":{"line":184,"column":87}},{"start":{"line":184,"column":91},"end":{"line":184,"column":92}}],"line":184},"31":{"loc":{"start":{"line":274,"column":17},"end":{"line":274,"column":41}},"type":"binary-expr","locations":[{"start":{"line":274,"column":17},"end":{"line":274,"column":24}},{"start":{"line":274,"column":29},"end":{"line":274,"column":40}}],"line":274},"32":{"loc":{"start":{"line":305,"column":43},"end":{"line":307,"column":62}},"type":"cond-expr","locations":[{"start":{"line":306,"column":38},"end":{"line":306,"column":88}},{"start":{"line":307,"column":38},"end":{"line":307,"column":62}}],"line":305}},"s":{"0":1,"1":32,"2":32,"3":32,"4":32,"5":32,"6":32,"7":32,"8":32,"9":32,"10":32,"11":7,"12":7,"13":7,"14":7,"15":7,"16":0,"17":0,"18":0,"19":7,"20":32,"21":7,"22":7,"23":7,"24":7,"25":7,"26":0,"27":7,"28":32,"29":7,"30":7,"31":32,"32":18,"33":18,"34":17,"35":1,"36":3,"37":3,"38":3,"39":3,"40":3,"41":9,"42":3,"43":3,"44":2,"45":2,"46":2,"47":2,"48":2,"49":0,"50":2,"51":2,"52":2,"53":2,"54":1,"55":1,"56":1,"57":1,"58":0,"59":2,"60":32,"61":0,"62":0,"63":32,"64":4,"65":4,"66":4,"67":4,"68":4,"69":4,"70":4,"71":0,"72":0,"73":4,"74":4,"75":2,"76":2,"77":1,"78":1,"79":1,"80":2,"81":2,"82":1,"83":1,"84":1,"85":4,"86":2,"87":3,"88":2,"89":2,"90":2,"91":2,"92":0,"93":4,"94":32,"95":46,"96":46,"97":46,"98":46,"99":2,"100":2,"101":32,"102":0,"103":32,"104":1,"105":32,"106":0,"107":23},"f":{"0":32,"1":7,"2":7,"3":7,"4":18,"5":3,"6":9,"7":2,"8":2,"9":2,"10":1,"11":0,"12":4,"13":3,"14":2,"15":46,"16":46,"17":46,"18":46,"19":2,"20":2,"21":0,"22":1,"23":0,"24":23},"b":{"0":[7,0],"1":[7,7],"2":[7,0],"3":[17,1],"4":[3,0],"5":[3,0],"6":[3,0],"7":[3,0],"8":[3,0],"9":[3,3],"10":[3,2,2,2,2],"11":[0,2],"12":[1,1],"13":[1,0],"14":[0,0],"15":[2,2],"16":[2,0],"17":[2,2],"18":[2,0],"19":[0,4],"20":[4,4],"21":[2,2],"22":[4,0],"23":[2,2],"24":[1,1],"25":[1,1],"26":[2,2],"27":[2,1],"28":[1,2],"29":[3,0],"30":[1,0],"31":[32,9],"32":[1,31]},"_coverageSchema":"1a1c01bbd47fc00a2c39e90264f33305004495a9","hash":"5bd1139319c8c3a022d7adaa543df2f83c6039c3"}
,"C:\\Softs\\ecoLog\\src\\pages\\home\\Home.tsx": {"path":"C:\\Softs\\ecoLog\\src\\pages\\home\\Home.tsx","statementMap":{"0":{"start":{"line":8,"column":21},"end":{"line":8,"column":34}},"1":{"start":{"line":10,"column":4},"end":{"line":44,"column":5}},"2":{"start":{"line":13,"column":57},"end":{"line":13,"column":86}},"3":{"start":{"line":23,"column":57},"end":{"line":23,"column":86}},"4":{"start":{"line":33,"column":57},"end":{"line":33,"column":90}}},"fnMap":{"0":{"name":"Home","decl":{"start":{"line":7,"column":24},"end":{"line":7,"column":28}},"loc":{"start":{"line":7,"column":31},"end":{"line":45,"column":1}},"line":7},"1":{"name":"(anonymous_1)","decl":{"start":{"line":13,"column":50},"end":{"line":13,"column":51}},"loc":{"start":{"line":13,"column":56},"end":{"line":13,"column":87}},"line":13},"2":{"name":"(anonymous_2)","decl":{"start":{"line":23,"column":50},"end":{"line":23,"column":51}},"loc":{"start":{"line":23,"column":56},"end":{"line":23,"column":87}},"line":23},"3":{"name":"(anonymous_3)","decl":{"start":{"line":33,"column":50},"end":{"line":33,"column":51}},"loc":{"start":{"line":33,"column":56},"end":{"line":33,"column":91}},"line":33}},"branchMap":{},"s":{"0":4,"1":4,"2":1,"3":1,"4":1},"f":{"0":4,"1":1,"2":1,"3":1},"b":{},"_coverageSchema":"1a1c01bbd47fc00a2c39e90264f33305004495a9","hash":"1ab59403a242d4dedd12e135c7731376b7f70c90"}
[...]
,"C:\\Softs\\ecoLog\\src\\tests\\mocks\\auth.ts": {"path":"C:\\Softs\\ecoLog\\src\\tests\\mocks\\auth.ts","statementMap":{"0":{"start":{"line":2,"column":28},"end":{"line":2,"column":66}},"1":{"start":{"line":4,"column":0},"end":{"line":6,"column":4}},"2":{"start":{"line":4,"column":46},"end":{"line":6,"column":1}},"3":{"start":{"line":5,"column":20},"end":{"line":5,"column":46}}},"fnMap":{"0":{"name":"(anonymous_0)","decl":{"start":{"line":4,"column":39},"end":{"line":4,"column":40}},"loc":{"start":{"line":4,"column":46},"end":{"line":6,"column":1}},"line":4},"1":{"name":"(anonymous_1)","decl":{"start":{"line":5,"column":13},"end":{"line":5,"column":14}},"loc":{"start":{"line":5,"column":20},"end":{"line":5,"column":46}},"line":5}},"branchMap":{},"s":{"0":2,"1":2,"2":1,"3":18},"f":{"0":1,"1":18},"b":{},"_coverageSchema":"1a1c01bbd47fc00a2c39e90264f33305004495a9","hash":"cc3e071db18f08614a74188e36e66f1bda332de2"}
,"C:\\Softs\\ecoLog\\src\\tests\\setup\\setupTests.ts": {"path":"C:\\Softs\\ecoLog\\src\\tests\\setup\\setupTests.ts","statementMap":{"0":{"start":{"line":7,"column":0},"end":{"line":19,"column":3}},"1":{"start":{"line":9,"column":31},"end":{"line":18,"column":5}},"2":{"start":{"line":23,"column":14},"end":{"line":23,"column":23}},"3":{"start":{"line":24,"column":16},"end":{"line":24,"column":25}},"4":{"start":{"line":25,"column":17},"end":{"line":25,"column":26}},"5":{"start":{"line":27,"column":0},"end":{"line":30,"column":3}},"6":{"start":{"line":34,"column":27},"end":{"line":34,"column":31}},"7":{"start":{"line":35,"column":17},"end":{"line":35,"column":19}},"8":{"start":{"line":36,"column":27},"end":{"line":36,"column":29}},"9":{"start":{"line":37,"column":14},"end":{"line":37,"column":23}},"10":{"start":{"line":38,"column":16},"end":{"line":38,"column":25}},"11":{"start":{"line":39,"column":17},"end":{"line":39,"column":26}},"12":{"start":{"line":40,"column":18},"end":{"line":40,"column":35}},"13":{"start":{"line":40,"column":32},"end":{"line":40,"column":34}},"14":{"start":{"line":42,"column":0},"end":{"line":45,"column":3}},"15":{"start":{"line":48,"column":0},"end":{"line":48,"column":28}},"16":{"start":{"line":51,"column":17},"end":{"line":51,"column":29}},"17":{"start":{"line":52,"column":0},"end":{"line":58,"column":3}},"18":{"start":{"line":53,"column":4},"end":{"line":57,"column":7}},"19":{"start":{"line":54,"column":20},"end":{"line":54,"column":49}},"20":{"start":{"line":55,"column":8},"end":{"line":55,"column":69}},"21":{"start":{"line":55,"column":62},"end":{"line":55,"column":69}},"22":{"start":{"line":56,"column":8},"end":{"line":56,"column":33}},"23":{"start":{"line":64,"column":0},"end":{"line":64,"column":76}},"24":{"start":{"line":64,"column":34},"end":{"line":64,"column":76}},"25":{"start":{"line":65,"column":0},"end":{"line":65,"column":83}},"26":{"start":{"line":65,"column":34},"end":{"line":65,"column":83}},"27":{"start":{"line":68,"column":0},"end":{"line":71,"column":1}},"28":{"start":{"line":69,"column":4},"end":{"line":70,"column":35}},"29":{"start":{"line":70,"column":8},"end":{"line":70,"column":34}}},"fnMap":{"0":{"name":"(anonymous_0)","decl":{"start":{"line":9,"column":11},"end":{"line":9,"column":12}},"loc":{"start":{"line":9,"column":31},"end":{"line":18,"column":5}},"line":9},"1":{"name":"(anonymous_1)","decl":{"start":{"line":40,"column":26},"end":{"line":40,"column":27}},"loc":{"start":{"line":40,"column":32},"end":{"line":40,"column":34}},"line":40},"2":{"name":"(anonymous_2)","decl":{"start":{"line":52,"column":10},"end":{"line":52,"column":11}},"loc":{"start":{"line":52,"column":16},"end":{"line":58,"column":1}},"line":52},"3":{"name":"(anonymous_3)","decl":{"start":{"line":53,"column":51},"end":{"line":53,"column":52}},"loc":{"start":{"line":53,"column":71},"end":{"line":57,"column":5}},"line":53},"4":{"name":"(anonymous_4)","decl":{"start":{"line":69,"column":35},"end":{"line":69,"column":36}},"loc":{"start":{"line":70,"column":8},"end":{"line":70,"column":34}},"line":70}},"branchMap":{"0":{"loc":{"start":{"line":54,"column":20},"end":{"line":54,"column":49}},"type":"binary-expr","locations":[{"start":{"line":54,"column":20},"end":{"line":54,"column":43}},{"start":{"line":54,"column":47},"end":{"line":54,"column":49}}],"line":54},"1":{"loc":{"start":{"line":55,"column":8},"end":{"line":55,"column":69}},"type":"if","locations":[{"start":{"line":55,"column":8},"end":{"line":55,"column":69}},{"start":{},"end":{}}],"line":55},"2":{"loc":{"start":{"line":64,"column":0},"end":{"line":64,"column":76}},"type":"if","locations":[{"start":{"line":64,"column":0},"end":{"line":64,"column":76}},{"start":{},"end":{}}],"line":64},"3":{"loc":{"start":{"line":65,"column":0},"end":{"line":65,"column":83}},"type":"if","locations":[{"start":{"line":65,"column":0},"end":{"line":65,"column":83}},{"start":{},"end":{}}],"line":65},"4":{"loc":{"start":{"line":68,"column":0},"end":{"line":71,"column":1}},"type":"if","locations":[{"start":{"line":68,"column":0},"end":{"line":71,"column":1}},{"start":{},"end":{}}],"line":68}},"s":{"0":30,"1":2760,"2":12,"3":12,"4":12,"5":30,"6":0,"7":0,"8":0,"9":0,"10":0,"11":0,"12":0,"13":0,"14":30,"15":30,"16":30,"17":30,"18":30,"19":0,"20":0,"21":0,"22":0,"23":30,"24":30,"25":30,"26":30,"27":30,"28":30,"29":126},"f":{"0":2760,"1":0,"2":30,"3":0,"4":126},"b":{"0":[0,0],"1":[0,0],"2":[30,0],"3":[30,0],"4":[30,0]},"_coverageSchema":"1a1c01bbd47fc00a2c39e90264f33305004495a9","hash":"d63757fb18c2520fd62d11678313134bb37e8594"}
,"C:\\Softs\\ecoLog\\src\\tests\\utils\\test-utils.tsx": {"path":"C:\\Softs\\ecoLog\\src\\tests\\utils\\test-utils.tsx","statementMap":{"0":{"start":{"line":8,"column":4},"end":{"line":8,"column":76}},"1":{"start":{"line":12,"column":4},"end":{"line":12,"column":100}},"2":{"start":{"line":12,"column":40},"end":{"line":12,"column":84}}},"fnMap":{"0":{"name":"RouterWrapper","decl":{"start":{"line":7,"column":9},"end":{"line":7,"column":22}},"loc":{"start":{"line":7,"column":81},"end":{"line":9,"column":1}},"line":7},"1":{"name":"renderWithRouter","decl":{"start":{"line":11,"column":16},"end":{"line":11,"column":32}},"loc":{"start":{"line":11,"column":118},"end":{"line":13,"column":1}},"line":11},"2":{"name":"(anonymous_2)","decl":{"start":{"line":12,"column":33},"end":{"line":12,"column":34}},"loc":{"start":{"line":12,"column":40},"end":{"line":12,"column":84}},"line":12}},"branchMap":{"0":{"loc":{"start":{"line":7,"column":35},"end":{"line":7,"column":46}},"type":"default-arg","locations":[{"start":{"line":7,"column":43},"end":{"line":7,"column":46}}],"line":7}},"s":{"0":40,"1":40,"2":40},"f":{"0":40,"1":40,"2":40},"b":{"0":[5]},"_coverageSchema":"1a1c01bbd47fc00a2c39e90264f33305004495a9","hash":"3740f702e685501575fa4cb74269c43c6bbcbfcb"}
,"C:\\Softs\\ecoLog\\src\\utils\\dateUtils.ts": {"path":"C:\\Softs\\ecoLog\\src\\utils\\dateUtils.ts","statementMap":{"0":{"start":{"line":8,"column":4},"end":{"line":8,"column":24}},"1":{"start":{"line":8,"column":12},"end":{"line":8,"column":24}},"2":{"start":{"line":9,"column":4},"end":{"line":9,"column":47}},"3":{"start":{"line":9,"column":29},"end":{"line":9,"column":47}},"4":{"start":{"line":10,"column":4},"end":{"line":10,"column":43}},"5":{"start":{"line":10,"column":27},"end":{"line":10,"column":43}},"6":{"start":{"line":12,"column":4},"end":{"line":19,"column":5}},"7":{"start":{"line":14,"column":8},"end":{"line":16,"column":9}},"8":{"start":{"line":15,"column":12},"end":{"line":15,"column":42}},"9":{"start":{"line":18,"column":8},"end":{"line":18,"column":24}},"10":{"start":{"line":22,"column":4},"end":{"line":22,"column":27}},"11":{"start":{"line":27,"column":19},"end":{"line":27,"column":35}},"12":{"start":{"line":28,"column":4},"end":{"line":28,"column":67}}},"fnMap":{"0":{"name":"normalizeDate","decl":{"start":{"line":7,"column":16},"end":{"line":7,"column":29}},"loc":{"start":{"line":7,"column":56},"end":{"line":23,"column":1}},"line":7},"1":{"name":"formatDate","decl":{"start":{"line":26,"column":16},"end":{"line":26,"column":26}},"loc":{"start":{"line":26,"column":70},"end":{"line":29,"column":1}},"line":26}},"branchMap":{"0":{"loc":{"start":{"line":8,"column":4},"end":{"line":8,"column":24}},"type":"if","locations":[{"start":{"line":8,"column":4},"end":{"line":8,"column":24}},{"start":{},"end":{}}],"line":8},"1":{"loc":{"start":{"line":9,"column":4},"end":{"line":9,"column":47}},"type":"if","locations":[{"start":{"line":9,"column":4},"end":{"line":9,"column":47}},{"start":{},"end":{}}],"line":9},"2":{"loc":{"start":{"line":10,"column":4},"end":{"line":10,"column":43}},"type":"if","locations":[{"start":{"line":10,"column":4},"end":{"line":10,"column":43}},{"start":{},"end":{}}],"line":10},"3":{"loc":{"start":{"line":12,"column":4},"end":{"line":19,"column":5}},"type":"if","locations":[{"start":{"line":12,"column":4},"end":{"line":19,"column":5}},{"start":{},"end":{}}],"line":12},"4":{"loc":{"start":{"line":14,"column":8},"end":{"line":16,"column":9}},"type":"if","locations":[{"start":{"line":14,"column":8},"end":{"line":16,"column":9}},{"start":{},"end":{}}],"line":14},"5":{"loc":{"start":{"line":26,"column":39},"end":{"line":26,"column":60}},"type":"default-arg","locations":[{"start":{"line":26,"column":48},"end":{"line":26,"column":60}}],"line":26},"6":{"loc":{"start":{"line":28,"column":11},"end":{"line":28,"column":66}},"type":"cond-expr","locations":[{"start":{"line":28,"column":40},"end":{"line":28,"column":61}},{"start":{"line":28,"column":64},"end":{"line":28,"column":66}}],"line":28},"7":{"loc":{"start":{"line":28,"column":11},"end":{"line":28,"column":37}},"type":"binary-expr","locations":[{"start":{"line":28,"column":11},"end":{"line":28,"column":17}},{"start":{"line":28,"column":21},"end":{"line":28,"column":37}}],"line":28}},"s":{"0":132,"1":6,"2":126,"3":0,"4":126,"5":4,"6":122,"7":47,"8":42,"9":5,"10":75,"11":8,"12":8},"f":{"0":132,"1":8},"b":{"0":[6,126],"1":[0,126],"2":[4,122],"3":[47,75],"4":[42,5],"5":[6],"6":[4,4],"7":[8,6]},"_coverageSchema":"1a1c01bbd47fc00a2c39e90264f33305004495a9","hash":"48ae4ebf73518462d188fa2e3c6b061d6744185a"}
,"C:\\Softs\\ecoLog\\src\\utils\\dayjs.ts": {"path":"C:\\Softs\\ecoLog\\src\\utils\\dayjs.ts","statementMap":{"0":{"start":{"line":5,"column":0},"end":{"line":5,"column":32}},"1":{"start":{"line":6,"column":0},"end":{"line":6,"column":22}}},"fnMap":{},"branchMap":{},"s":{"0":7,"1":7},"f":{},"b":{},"_coverageSchema":"1a1c01bbd47fc00a2c39e90264f33305004495a9","hash":"92fc01411a05e12aa0df10fdb96d7ab90ec92ff6"}
,"C:\\Softs\\ecoLog\\src\\utils\\listOrder.ts": {"path":"C:\\Softs\\ecoLog\\src\\utils\\listOrder.ts","statementMap":{"0":{"start":{"line":9,"column":15},"end":{"line":9,"column":42}},"1":{"start":{"line":10,"column":4},"end":{"line":10,"column":54}},"2":{"start":{"line":15,"column":4},"end":{"line":15,"column":74}},"3":{"start":{"line":15,"column":35},"end":{"line":15,"column":72}},"4":{"start":{"line":20,"column":13},"end":{"line":20,"column":14}},"5":{"start":{"line":20,"column":21},"end":{"line":20,"column":31}},"6":{"start":{"line":21,"column":4},"end":{"line":26,"column":5}},"7":{"start":{"line":22,"column":20},"end":{"line":22,"column":35}},"8":{"start":{"line":23,"column":19},"end":{"line":23,"column":43}},"9":{"start":{"line":25,"column":8},"end":{"line":25,"column":49}},"10":{"start":{"line":25,"column":21},"end":{"line":25,"column":34}},"11":{"start":{"line":25,"column":40},"end":{"line":25,"column":49}},"12":{"start":{"line":27,"column":4},"end":{"line":27,"column":14}},"13":{"start":{"line":32,"column":14},"end":{"line":32,"column":34}},"14":{"start":{"line":33,"column":16},"end":{"line":33,"column":40}},"15":{"start":{"line":34,"column":17},"end":{"line":34,"column":28}},"16":{"start":{"line":35,"column":4},"end":{"line":35,"column":30}},"17":{"start":{"line":36,"column":4},"end":{"line":36,"column":16}},"18":{"start":{"line":41,"column":17},"end":{"line":41,"column":28}},"19":{"start":{"line":42,"column":16},"end":{"line":42,"column":37}},"20":{"start":{"line":44,"column":21},"end":{"line":44,"column":68}},"21":{"start":{"line":44,"column":41},"end":{"line":44,"column":67}},"22":{"start":{"line":45,"column":4},"end":{"line":45,"column":50}},"23":{"start":{"line":45,"column":25},"end":{"line":45,"column":50}},"24":{"start":{"line":47,"column":14},"end":{"line":47,"column":34}},"25":{"start":{"line":48,"column":16},"end":{"line":48,"column":41}},"26":{"start":{"line":49,"column":4},"end":{"line":49,"column":30}},"27":{"start":{"line":51,"column":4},"end":{"line":51,"column":16}},"28":{"start":{"line":56,"column":4},"end":{"line":56,"column":62}},"29":{"start":{"line":56,"column":27},"end":{"line":56,"column":60}}},"fnMap":{"0":{"name":"timeValue","decl":{"start":{"line":8,"column":9},"end":{"line":8,"column":18}},"loc":{"start":{"line":8,"column":48},"end":{"line":11,"column":1}},"line":8},"1":{"name":"sortInitialByDateDesc","decl":{"start":{"line":14,"column":16},"end":{"line":14,"column":37}},"loc":{"start":{"line":14,"column":73},"end":{"line":16,"column":1}},"line":14},"2":{"name":"(anonymous_2)","decl":{"start":{"line":15,"column":25},"end":{"line":15,"column":26}},"loc":{"start":{"line":15,"column":35},"end":{"line":15,"column":72}},"line":15},"3":{"name":"binarySearchDesc","decl":{"start":{"line":19,"column":9},"end":{"line":19,"column":25}},"loc":{"start":{"line":19,"column":75},"end":{"line":28,"column":1}},"line":19},"4":{"name":"insertByDateDesc","decl":{"start":{"line":31,"column":16},"end":{"line":31,"column":32}},"loc":{"start":{"line":31,"column":77},"end":{"line":37,"column":1}},"line":31},"5":{"name":"upsertByIdMaintainDateDesc","decl":{"start":{"line":40,"column":16},"end":{"line":40,"column":42}},"loc":{"start":{"line":40,"column":96},"end":{"line":52,"column":1}},"line":40},"6":{"name":"(anonymous_6)","decl":{"start":{"line":44,"column":36},"end":{"line":44,"column":37}},"loc":{"start":{"line":44,"column":41},"end":{"line":44,"column":67}},"line":44},"7":{"name":"removeById","decl":{"start":{"line":55,"column":16},"end":{"line":55,"column":26}},"loc":{"start":{"line":55,"column":81},"end":{"line":57,"column":1}},"line":55},"8":{"name":"(anonymous_8)","decl":{"start":{"line":56,"column":22},"end":{"line":56,"column":23}},"loc":{"start":{"line":56,"column":27},"end":{"line":56,"column":60}},"line":56}},"branchMap":{"0":{"loc":{"start":{"line":9,"column":15},"end":{"line":9,"column":42}},"type":"cond-expr","locations":[{"start":{"line":9,"column":19},"end":{"line":9,"column":35}},{"start":{"line":9,"column":38},"end":{"line":9,"column":42}}],"line":9},"1":{"loc":{"start":{"line":10,"column":11},"end":{"line":10,"column":53}},"type":"cond-expr","locations":[{"start":{"line":10,"column":29},"end":{"line":10,"column":41}},{"start":{"line":10,"column":44},"end":{"line":10,"column":53}}],"line":10},"2":{"loc":{"start":{"line":25,"column":8},"end":{"line":25,"column":49}},"type":"if","locations":[{"start":{"line":25,"column":8},"end":{"line":25,"column":49}},{"start":{"line":25,"column":40},"end":{"line":25,"column":49}}],"line":25},"3":{"loc":{"start":{"line":42,"column":23},"end":{"line":42,"column":36}},"type":"binary-expr","locations":[{"start":{"line":42,"column":23},"end":{"line":42,"column":30}},{"start":{"line":42,"column":34},"end":{"line":42,"column":36}}],"line":42},"4":{"loc":{"start":{"line":44,"column":48},"end":{"line":44,"column":58}},"type":"binary-expr","locations":[{"start":{"line":44,"column":48},"end":{"line":44,"column":52}},{"start":{"line":44,"column":56},"end":{"line":44,"column":58}}],"line":44},"5":{"loc":{"start":{"line":45,"column":4},"end":{"line":45,"column":50}},"type":"if","locations":[{"start":{"line":45,"column":4},"end":{"line":45,"column":50}},{"start":{},"end":{}}],"line":45},"6":{"loc":{"start":{"line":56,"column":34},"end":{"line":56,"column":44}},"type":"binary-expr","locations":[{"start":{"line":56,"column":34},"end":{"line":56,"column":38}},{"start":{"line":56,"column":42},"end":{"line":56,"column":44}}],"line":56}},"s":{"0":112,"1":112,"2":16,"3":37,"4":13,"5":13,"6":13,"7":25,"8":25,"9":25,"10":9,"11":16,"12":13,"13":5,"14":5,"15":5,"16":5,"17":5,"18":8,"19":8,"20":8,"21":19,"22":8,"23":4,"24":8,"25":8,"26":8,"27":8,"28":4,"29":12},"f":{"0":112,"1":16,"2":37,"3":13,"4":5,"5":8,"6":19,"7":4,"8":12},"b":{"0":[111,1],"1":[108,4],"2":[9,16],"3":[8,0],"4":[19,0],"5":[4,4],"6":[12,0]},"_coverageSchema":"1a1c01bbd47fc00a2c39e90264f33305004495a9","hash":"9dae0f23833ec29c80e231a639ad8a2c59a2818e"}
,"C:\\Softs\\ecoLog\\src\\utils\\stringUtils.ts": {"path":"C:\\Softs\\ecoLog\\src\\utils\\stringUtils.ts","statementMap":{"0":{"start":{"line":7,"column":17},"end":{"line":7,"column":54}},"1":{"start":{"line":8,"column":18},"end":{"line":8,"column":57}},"2":{"start":{"line":9,"column":2},"end":{"line":9,"column":63}},"3":{"start":{"line":10,"column":2},"end":{"line":10,"column":70}},"4":{"start":{"line":11,"column":2},"end":{"line":11,"column":18}},"5":{"start":{"line":18,"column":2},"end":{"line":18,"column":54}},"6":{"start":{"line":18,"column":14},"end":{"line":18,"column":54}},"7":{"start":{"line":19,"column":2},"end":{"line":19,"column":74}},"8":{"start":{"line":19,"column":24},"end":{"line":19,"column":74}},"9":{"start":{"line":20,"column":2},"end":{"line":20,"column":88}},"10":{"start":{"line":20,"column":28},"end":{"line":20,"column":88}},"11":{"start":{"line":21,"column":2},"end":{"line":21,"column":88}},"12":{"start":{"line":21,"column":28},"end":{"line":21,"column":88}},"13":{"start":{"line":22,"column":2},"end":{"line":22,"column":75}},"14":{"start":{"line":22,"column":25},"end":{"line":22,"column":75}},"15":{"start":{"line":23,"column":2},"end":{"line":23,"column":12}}},"fnMap":{"0":{"name":"formatCpf","decl":{"start":{"line":6,"column":16},"end":{"line":6,"column":25}},"loc":{"start":{"line":6,"column":49},"end":{"line":12,"column":1}},"line":6},"1":{"name":"passwordValidationMessage","decl":{"start":{"line":17,"column":16},"end":{"line":17,"column":41}},"loc":{"start":{"line":17,"column":66},"end":{"line":24,"column":1}},"line":17}},"branchMap":{"0":{"loc":{"start":{"line":18,"column":2},"end":{"line":18,"column":54}},"type":"if","locations":[{"start":{"line":18,"column":2},"end":{"line":18,"column":54}},{"start":{},"end":{}}],"line":18},"1":{"loc":{"start":{"line":19,"column":2},"end":{"line":19,"column":74}},"type":"if","locations":[{"start":{"line":19,"column":2},"end":{"line":19,"column":74}},{"start":{},"end":{}}],"line":19},"2":{"loc":{"start":{"line":20,"column":2},"end":{"line":20,"column":88}},"type":"if","locations":[{"start":{"line":20,"column":2},"end":{"line":20,"column":88}},{"start":{},"end":{}}],"line":20},"3":{"loc":{"start":{"line":21,"column":2},"end":{"line":21,"column":88}},"type":"if","locations":[{"start":{"line":21,"column":2},"end":{"line":21,"column":88}},{"start":{},"end":{}}],"line":21},"4":{"loc":{"start":{"line":22,"column":2},"end":{"line":22,"column":75}},"type":"if","locations":[{"start":{"line":22,"column":2},"end":{"line":22,"column":75}},{"start":{},"end":{}}],"line":22}},"s":{"0":18,"1":18,"2":18,"3":18,"4":18,"5":8,"6":2,"7":6,"8":1,"9":5,"10":1,"11":4,"12":1,"13":3,"14":1,"15":2},"f":{"0":18,"1":8},"b":{"0":[2,6],"1":[1,5],"2":[1,4],"3":[1,3],"4":[1,2]},"_coverageSchema":"1a1c01bbd47fc00a2c39e90264f33305004495a9","hash":"9f17ce52e7c6497e5fe0629b2efe5c5c4bad9e1e"}
}
