TN:
SF:src\App.tsx
FN:5,App
FNF:1
FNH:1
FNDA:1,App
DA:6,1
LF:1
LH:1
BRF:0
BRH:0
end_of_record
TN:
SF:src\components\emissaoCombustivel\ModalEmissaoCombustivel.tsx
FN:18,ModalEmissaoCombustivel
FN:29,(anonymous_1)
FN:42,(anonymous_2)
FN:46,(anonymous_3)
FN:57,(anonymous_4)
FN:71,(anonymous_5)
FN:77,(anonymous_6)
FN:87,(anonymous_7)
FN:88,(anonymous_8)
FN:101,(anonymous_9)
FN:125,(anonymous_10)
FN:218,(anonymous_11)
FN:221,(anonymous_12)
FN:245,(anonymous_13)
FNF:14
FNH:13
FNDA:104,ModalEmissaoCombustivel
FNDA:10,(anonymous_1)
FNDA:29,(anonymous_2)
FNDA:38,(anonymous_3)
FNDA:5,(anonymous_4)
FNDA:27,(anonymous_5)
FNDA:16,(anonymous_6)
FNDA:5,(anonymous_7)
FNDA:7,(anonymous_8)
FNDA:1,(anonymous_9)
FNDA:4,(anonymous_10)
FNDA:0,(anonymous_11)
FNDA:66,(anonymous_12)
FNDA:5,(anonymous_13)
DA:24,104
DA:25,104
DA:26,104
DA:27,104
DA:29,104
DA:30,10
DA:31,10
DA:32,10
DA:33,10
DA:35,0
DA:36,0
DA:38,10
DA:42,104
DA:43,29
DA:46,104
DA:47,38
DA:49,19
DA:51,6
DA:57,6
DA:58,6
DA:59,3
DA:60,3
DA:62,3
DA:65,13
DA:66,13
DA:71,104
DA:72,27
DA:73,27
DA:74,27
DA:76,27
DA:77,16
DA:78,11
DA:79,11
DA:80,11
DA:81,11
DA:84,16
DA:87,104
DA:88,7
DA:89,5
DA:96,5
DA:97,5
DA:98,5
DA:101,104
DA:102,1
DA:103,1
DA:104,1
DA:107,104
DA:126,4
DA:127,4
DA:219,0
DA:221,66
DA:245,5
LF:52
LH:49
BRDA:33,0,0,10
BRDA:33,0,1,0
BRDA:43,1,0,10
BRDA:43,1,1,19
BRDA:47,2,0,19
BRDA:47,2,1,19
BRDA:49,3,0,6
BRDA:49,3,1,13
BRDA:58,4,0,3
BRDA:58,4,1,3
BRDA:58,5,0,6
BRDA:58,5,1,3
BRDA:58,5,2,3
BRDA:62,6,0,3
BRDA:62,6,1,0
BRDA:76,7,0,11
BRDA:76,7,1,16
BRDA:76,8,0,27
BRDA:76,8,1,23
BRDA:76,8,2,17
BRDA:78,9,0,11
BRDA:78,9,1,0
BRDA:92,10,0,5
BRDA:92,10,1,0
BRDA:93,11,0,5
BRDA:93,11,1,0
BRDA:136,12,0,104
BRDA:136,12,1,10
BRDA:219,13,0,0
BRDA:219,13,1,0
BRDA:219,14,0,0
BRDA:219,14,1,0
BRF:32
BRH:23
end_of_record
TN:
SF:src\components\emissaoEnergia\ModalEmissaoEnergia.tsx
FN:16,ModalEmissaoEnergia
FN:26,(anonymous_1)
FN:36,(anonymous_2)
FN:45,(anonymous_3)
FN:55,(anonymous_4)
FN:77,(anonymous_5)
FN:158,(anonymous_6)
FNF:7
FNH:7
FNDA:98,ModalEmissaoEnergia
FNDA:28,(anonymous_1)
FNDA:9,(anonymous_2)
FNDA:7,(anonymous_3)
FNDA:1,(anonymous_4)
FNDA:3,(anonymous_5)
FNDA:7,(anonymous_6)
DA:23,98
DA:24,98
DA:26,98
DA:27,28
DA:28,4
DA:29,4
DA:31,24
DA:32,24
DA:36,98
DA:37,9
DA:38,9
DA:39,9
DA:41,0
DA:45,98
DA:46,7
DA:50,7
DA:51,7
DA:52,7
DA:55,98
DA:56,1
DA:57,1
DA:58,1
DA:61,98
DA:78,3
DA:79,3
DA:158,7
LF:26
LH:25
BRDA:21,0,0,53
BRDA:27,1,0,4
BRDA:27,1,1,24
BRDA:29,2,0,4
BRDA:29,2,1,0
BRDA:37,3,0,9
BRDA:37,3,1,0
BRDA:37,4,0,9
BRDA:37,4,1,9
BRF:9
BRH:7
end_of_record
TN:
SF:src\components\geral\BtnPrincipal.tsx
FN:15,(anonymous_0)
FN:15,(anonymous_1)
FNF:2
FNH:2
FNDA:282,(anonymous_0)
FNDA:16,(anonymous_1)
DA:15,8
DA:16,282
LF:2
LH:2
BRDA:15,0,0,61
BRDA:15,1,0,227
BRDA:15,2,0,207
BRDA:15,3,0,72
BRF:4
BRH:4
end_of_record
TN:
SF:src\components\geral\BtnSecundario.tsx
FN:13,(anonymous_0)
FNF:1
FNH:1
FNDA:135,(anonymous_0)
DA:13,7
DA:14,135
LF:2
LH:2
BRDA:13,0,0,94
BRF:1
BRH:1
end_of_record
TN:
SF:src\components\geral\Loading.tsx
FN:4,Loading
FNF:1
FNH:1
FNDA:8,Loading
DA:5,8
LF:1
LH:1
BRF:0
BRH:0
end_of_record
TN:
SF:src\components\resumoDashboard\Resumo.tsx
FN:35,Resumo
FNF:1
FNH:1
FNDA:3,Resumo
DA:13,1
DA:14,1
DA:15,1
DA:16,1
DA:17,1
DA:26,1
DA:42,3
LF:7
LH:7
BRDA:70,0,0,1
BRDA:70,0,1,2
BRDA:124,1,0,1
BRDA:124,1,1,1
BRF:4
BRH:4
end_of_record
TN:
SF:src\context\AuthContext.tsx
FN:26,(anonymous_0)
FN:30,(anonymous_1)
FN:34,(anonymous_2)
FN:68,(anonymous_3)
FN:90,(anonymous_4)
FNF:5
FNH:5
FNDA:18,(anonymous_0)
FNDA:8,(anonymous_1)
FNDA:9,(anonymous_2)
FNDA:1,(anonymous_3)
FNDA:18,(anonymous_4)
DA:20,1
DA:26,1
DA:27,18
DA:28,18
DA:30,18
DA:31,8
DA:34,18
DA:35,9
DA:36,9
DA:38,8
DA:39,3
DA:40,3
DA:41,1
DA:43,2
DA:44,2
DA:46,1
DA:47,1
DA:50,5
DA:51,3
DA:52,3
DA:54,1
DA:55,1
DA:58,2
DA:61,1
DA:62,1
DA:64,9
DA:68,18
DA:69,1
DA:70,1
DA:71,1
DA:73,1
DA:77,18
DA:90,1
DA:91,18
DA:93,18
DA:94,0
DA:97,18
LF:37
LH:36
BRDA:38,0,0,3
BRDA:38,0,1,5
BRDA:38,1,0,8
BRDA:38,1,1,6
BRDA:40,2,0,1
BRDA:40,2,1,2
BRDA:44,3,0,1
BRDA:44,3,1,1
BRDA:50,4,0,3
BRDA:50,4,1,2
BRDA:52,5,0,2
BRDA:52,5,1,1
BRDA:93,6,0,0
BRDA:93,6,1,18
BRF:14
BRH:13
end_of_record
TN:
SF:src\layout\AppLayout.tsx
FN:11,AppLayout
FN:15,(anonymous_1)
FN:28,(anonymous_2)
FN:56,(anonymous_3)
FN:65,(anonymous_4)
FNF:5
FNH:5
FNDA:9,AppLayout
FNDA:5,(anonymous_1)
FNDA:2,(anonymous_2)
FNDA:1,(anonymous_3)
FNDA:2,(anonymous_4)
DA:9,1
DA:12,9
DA:13,9
DA:15,9
DA:17,5
DA:18,5
DA:19,4
DA:23,9
DA:28,9
DA:29,2
DA:31,1
DA:32,1
DA:35,1
DA:36,1
DA:37,1
DA:38,1
DA:43,9
DA:51,9
DA:56,1
DA:65,2
LF:20
LH:20
BRDA:18,0,0,4
BRDA:18,0,1,1
BRDA:29,1,0,1
BRDA:29,1,1,1
BRDA:67,2,0,9
BRDA:67,2,1,5
BRF:6
BRH:6
end_of_record
TN:
SF:src\pages\emissao_combustivel\EmissaoCombustivel.tsx
FN:21,EmissaoCombustivel
FN:32,(anonymous_1)
FN:49,(anonymous_2)
FN:54,(anonymous_3)
FN:58,(anonymous_4)
FN:68,(anonymous_5)
FN:80,(anonymous_6)
FN:85,(anonymous_7)
FN:90,(anonymous_8)
FN:96,(anonymous_9)
FN:108,(anonymous_10)
FN:113,(anonymous_11)
FN:150,(anonymous_12)
FN:162,(anonymous_13)
FN:179,(anonymous_14)
FN:186,(anonymous_15)
FN:193,(anonymous_16)
FN:200,(anonymous_17)
FN:207,(anonymous_18)
FN:213,(anonymous_19)
FN:215,(anonymous_20)
FN:216,(anonymous_21)
FN:222,(anonymous_22)
FN:223,(anonymous_23)
FN:229,(anonymous_24)
FN:262,(anonymous_25)
FNF:26
FNH:23
FNDA:60,EmissaoCombustivel
FNDA:15,(anonymous_1)
FNDA:15,(anonymous_2)
FNDA:35,(anonymous_3)
FNDA:12,(anonymous_4)
FNDA:36,(anonymous_5)
FNDA:3,(anonymous_6)
FNDA:2,(anonymous_7)
FNDA:3,(anonymous_8)
FNDA:1,(anonymous_9)
FNDA:0,(anonymous_10)
FNDA:4,(anonymous_11)
FNDA:0,(anonymous_12)
FNDA:2,(anonymous_13)
FNDA:76,(anonymous_14)
FNDA:76,(anonymous_15)
FNDA:76,(anonymous_16)
FNDA:76,(anonymous_17)
FNDA:76,(anonymous_18)
FNDA:76,(anonymous_19)
FNDA:2,(anonymous_20)
FNDA:3,(anonymous_21)
FNDA:0,(anonymous_22)
FNDA:4,(anonymous_23)
FNDA:1,(anonymous_24)
FNDA:30,(anonymous_25)
DA:19,1
DA:22,60
DA:23,60
DA:25,60
DA:26,60
DA:27,60
DA:28,60
DA:29,60
DA:30,60
DA:32,60
DA:33,15
DA:34,15
DA:35,15
DA:36,14
DA:37,13
DA:39,1
DA:42,1
DA:43,1
DA:45,15
DA:49,60
DA:50,15
DA:54,60
DA:55,35
DA:56,35
DA:58,4
DA:59,12
DA:60,12
DA:62,12
DA:63,12
DA:64,12
DA:65,12
DA:67,12
DA:68,36
DA:71,12
DA:76,12
DA:80,60
DA:81,3
DA:82,3
DA:85,60
DA:86,2
DA:87,2
DA:90,60
DA:91,3
DA:92,3
DA:93,3
DA:94,3
DA:95,2
DA:96,1
DA:97,1
DA:99,1
DA:102,1
DA:104,3
DA:108,60
DA:109,0
DA:110,0
DA:113,60
DA:114,4
DA:115,4
DA:117,4
DA:127,4
DA:128,2
DA:129,2
DA:130,1
DA:131,1
DA:134,1
DA:138,2
DA:139,2
DA:140,1
DA:141,1
DA:144,1
DA:148,4
DA:149,2
DA:150,0
DA:162,2
DA:165,2
DA:166,2
DA:169,4
DA:170,4
DA:173,60
DA:179,76
DA:186,76
DA:193,76
DA:200,76
DA:207,76
DA:214,76
DA:215,2
DA:216,3
DA:222,60
DA:223,60
DA:225,60
DA:229,1
DA:262,30
LF:92
LH:89
BRDA:36,0,0,13
BRDA:36,0,1,1
BRDA:36,1,0,14
BRDA:36,1,1,14
BRDA:56,2,0,31
BRDA:56,2,1,4
BRDA:59,3,0,12
BRDA:59,3,1,0
BRDA:62,4,0,12
BRDA:62,4,1,0
BRDA:63,5,0,12
BRDA:63,5,1,0
BRDA:64,6,0,12
BRDA:64,6,1,0
BRDA:65,7,0,12
BRDA:65,7,1,0
BRDA:67,8,0,12
BRDA:67,8,1,0
BRDA:71,9,0,12
BRDA:71,9,1,0
BRDA:72,10,0,12
BRDA:72,10,1,12
BRDA:76,11,0,12
BRDA:76,11,1,11
BRDA:76,11,2,11
BRDA:76,11,3,11
BRDA:76,11,4,11
BRDA:76,11,5,9
BRDA:76,11,6,9
BRDA:91,12,0,0
BRDA:91,12,1,3
BRDA:95,13,0,1
BRDA:95,13,1,1
BRDA:99,14,0,1
BRDA:99,14,1,0
BRDA:102,15,0,1
BRDA:102,15,1,0
BRDA:118,16,0,2
BRDA:118,16,1,2
BRDA:123,17,0,4
BRDA:123,17,1,0
BRDA:124,18,0,4
BRDA:124,18,1,0
BRDA:127,19,0,2
BRDA:127,19,1,2
BRDA:129,20,0,1
BRDA:129,20,1,1
BRDA:139,21,0,1
BRDA:139,21,1,1
BRDA:148,22,0,2
BRDA:148,22,1,2
BRDA:150,23,0,2
BRDA:150,23,1,0
BRDA:150,24,0,0
BRDA:150,24,1,0
BRDA:150,25,0,0
BRDA:150,25,1,0
BRDA:150,26,0,0
BRDA:150,26,1,0
BRDA:153,27,0,2
BRDA:153,27,1,0
BRDA:153,27,2,0
BRDA:235,28,0,60
BRDA:235,28,1,18
BRDA:265,29,0,4
BRDA:265,29,1,56
BRF:66
BRH:45
end_of_record
TN:
SF:src\pages\emissao_energia\EmissaoEnergia.tsx
FN:24,EmissaoEnergia
FN:35,(anonymous_1)
FN:52,(anonymous_2)
FN:66,(anonymous_3)
FN:71,(anonymous_4)
FN:75,(anonymous_5)
FN:88,(anonymous_6)
FN:100,novo
FN:105,editar
FN:110,excluir
FN:116,(anonymous_10)
FN:128,(anonymous_11)
FN:133,(anonymous_12)
FN:184,(anonymous_13)
FN:194,(anonymous_14)
FN:213,(anonymous_15)
FN:222,(anonymous_16)
FN:231,(anonymous_17)
FN:239,(anonymous_18)
FN:241,(anonymous_19)
FN:247,(anonymous_20)
FN:256,(anonymous_21)
FN:260,(anonymous_22)
FN:268,(anonymous_23)
FN:302,(anonymous_24)
FNF:25
FNH:23
FNDA:74,EmissaoEnergia
FNDA:19,(anonymous_1)
FNDA:19,(anonymous_2)
FNDA:19,(anonymous_3)
FNDA:44,(anonymous_4)
FNDA:18,(anonymous_5)
FNDA:54,(anonymous_6)
FNDA:3,novo
FNDA:3,editar
FNDA:3,excluir
FNDA:1,(anonymous_10)
FNDA:0,(anonymous_11)
FNDA:6,(anonymous_12)
FNDA:3,(anonymous_13)
FNDA:3,(anonymous_14)
FNDA:83,(anonymous_15)
FNDA:83,(anonymous_16)
FNDA:83,(anonymous_17)
FNDA:83,(anonymous_18)
FNDA:3,(anonymous_19)
FNDA:3,(anonymous_20)
FNDA:0,(anonymous_21)
FNDA:7,(anonymous_22)
FNDA:1,(anonymous_23)
FNDA:47,(anonymous_24)
DA:22,1
DA:25,74
DA:26,74
DA:27,74
DA:28,74
DA:29,74
DA:30,74
DA:31,74
DA:32,74
DA:33,74
DA:35,74
DA:36,19
DA:37,19
DA:38,19
DA:39,18
DA:40,17
DA:42,1
DA:45,1
DA:46,1
DA:48,19
DA:52,74
DA:53,19
DA:54,19
DA:55,19
DA:56,18
DA:57,18
DA:60,1
DA:62,19
DA:66,74
DA:67,19
DA:68,19
DA:71,74
DA:72,44
DA:73,44
DA:75,6
DA:76,18
DA:77,18
DA:79,18
DA:83,18
DA:87,18
DA:88,54
DA:91,18
DA:96,18
DA:101,3
DA:102,3
DA:106,3
DA:107,3
DA:111,3
DA:112,3
DA:113,3
DA:114,3
DA:115,2
DA:116,1
DA:117,1
DA:119,1
DA:122,1
DA:124,3
DA:128,74
DA:129,0
DA:130,0
DA:133,74
DA:134,6
DA:135,6
DA:136,6
DA:137,6
DA:140,6
DA:144,6
DA:148,6
DA:149,1
DA:150,1
DA:153,5
DA:162,5
DA:163,3
DA:164,3
DA:165,2
DA:166,2
DA:169,1
DA:173,2
DA:174,2
DA:175,1
DA:176,1
DA:179,1
DA:182,5
DA:183,3
DA:184,3
DA:194,3
DA:196,3
DA:197,3
DA:200,0
DA:203,6
DA:207,74
DA:214,83
DA:223,83
DA:232,83
DA:240,83
DA:241,3
DA:247,3
DA:256,74
DA:257,0
DA:260,74
DA:261,7
DA:264,74
DA:268,1
DA:302,47
LF:104
LH:100
BRDA:39,0,0,17
BRDA:39,0,1,1
BRDA:39,1,0,18
BRDA:39,1,1,18
BRDA:56,2,0,18
BRDA:56,2,1,0
BRDA:73,3,0,38
BRDA:73,3,1,6
BRDA:76,4,0,18
BRDA:76,4,1,0
BRDA:79,5,0,18
BRDA:79,5,1,0
BRDA:83,6,0,18
BRDA:83,6,1,0
BRDA:87,7,0,18
BRDA:87,7,1,0
BRDA:91,8,0,18
BRDA:91,8,1,0
BRDA:92,9,0,18
BRDA:92,9,1,18
BRDA:96,10,0,18
BRDA:96,10,1,16
BRDA:96,10,2,15
BRDA:96,10,3,14
BRDA:96,10,4,14
BRDA:111,11,0,0
BRDA:111,11,1,3
BRDA:115,12,0,1
BRDA:115,12,1,1
BRDA:119,13,0,1
BRDA:119,13,1,0
BRDA:122,14,0,1
BRDA:122,14,1,0
BRDA:140,15,0,3
BRDA:140,15,1,3
BRDA:141,16,0,3
BRDA:141,16,1,0
BRDA:144,17,0,3
BRDA:144,17,1,3
BRDA:145,18,0,3
BRDA:145,18,1,0
BRDA:148,19,0,1
BRDA:148,19,1,5
BRDA:148,20,0,6
BRDA:148,20,1,5
BRDA:154,21,0,3
BRDA:154,21,1,2
BRDA:159,22,0,5
BRDA:159,22,1,0
BRDA:162,23,0,3
BRDA:162,23,1,2
BRDA:164,24,0,2
BRDA:164,24,1,1
BRDA:174,25,0,1
BRDA:174,25,1,1
BRDA:182,26,0,3
BRDA:182,26,1,2
BRDA:184,27,0,3
BRDA:184,27,1,1
BRDA:184,28,0,1
BRDA:184,28,1,2
BRDA:184,29,0,3
BRDA:184,29,1,0
BRDA:184,30,0,1
BRDA:184,30,1,0
BRDA:274,31,0,74
BRDA:274,31,1,22
BRDA:305,32,0,6
BRDA:305,32,1,68
BRF:69
BRH:55
end_of_record
TN:
SF:src\pages\home\Home.tsx
FN:7,Home
FN:13,(anonymous_1)
FN:23,(anonymous_2)
FN:33,(anonymous_3)
FNF:4
FNH:4
FNDA:4,Home
FNDA:1,(anonymous_1)
FNDA:1,(anonymous_2)
FNDA:1,(anonymous_3)
DA:8,4
DA:10,4
DA:13,1
DA:23,1
DA:33,1
LF:5
LH:5
BRF:0
BRH:0
end_of_record
TN:
SF:src\pages\login\Login.tsx
FN:22,Login
FN:34,(anonymous_1)
FN:40,(anonymous_2)
FN:47,login
FN:71,cadastrar
FN:105,(anonymous_5)
FN:115,(anonymous_6)
FN:134,proximo
FN:139,(anonymous_8)
FN:143,voltar
FN:150,(anonymous_10)
FN:154,(anonymous_11)
FN:158,(anonymous_12)
FN:163,(anonymous_13)
FN:164,(anonymous_14)
FN:165,(anonymous_15)
FN:170,(anonymous_16)
FN:298,(anonymous_17)
FNF:18
FNH:17
FNDA:48,Login
FNDA:4,(anonymous_1)
FNDA:6,(anonymous_2)
FNDA:3,login
FNDA:3,cadastrar
FNDA:9,(anonymous_5)
FNDA:3,(anonymous_6)
FNDA:8,proximo
FNDA:8,(anonymous_8)
FNDA:1,voltar
FNDA:1,(anonymous_10)
FNDA:5,(anonymous_11)
FNDA:1,(anonymous_12)
FNDA:14,(anonymous_13)
FNDA:13,(anonymous_14)
FNDA:13,(anonymous_15)
FNDA:1,(anonymous_16)
FNDA:0,(anonymous_17)
DA:17,1
DA:20,1
DA:23,48
DA:24,48
DA:25,48
DA:26,48
DA:27,48
DA:28,48
DA:29,48
DA:30,48
DA:31,48
DA:32,48
DA:34,48
DA:35,4
DA:36,4
DA:39,48
DA:41,6
DA:42,6
DA:43,6
DA:48,3
DA:49,3
DA:50,3
DA:52,3
DA:57,2
DA:58,1
DA:59,1
DA:60,1
DA:62,1
DA:65,1
DA:67,3
DA:72,3
DA:73,3
DA:74,3
DA:76,3
DA:80,3
DA:82,3
DA:91,2
DA:92,1
DA:93,1
DA:94,1
DA:96,1
DA:99,1
DA:101,3
DA:105,48
DA:106,9
DA:107,3
DA:108,6
DA:109,3
DA:111,3
DA:115,48
DA:116,3
DA:117,3
DA:119,3
DA:120,2
DA:121,1
DA:122,1
DA:123,1
DA:125,1
DA:128,1
DA:130,3
DA:135,8
DA:136,5
DA:138,8
DA:139,8
DA:140,8
DA:144,1
DA:145,1
DA:147,1
DA:150,48
DA:151,1
DA:154,48
DA:155,5
DA:158,48
DA:159,1
DA:160,1
DA:163,48
DA:164,14
DA:165,13
DA:169,13
DA:171,1
DA:172,1
DA:177,48
DA:299,0
LF:83
LH:82
BRDA:42,0,0,0
BRDA:42,0,1,6
BRDA:57,1,0,1
BRDA:57,1,1,1
BRDA:62,2,0,1
BRDA:62,2,1,0
BRDA:65,3,0,1
BRDA:65,3,1,0
BRDA:76,4,0,3
BRDA:76,4,1,0
BRDA:80,5,0,3
BRDA:80,5,1,0
BRDA:91,6,0,1
BRDA:91,6,1,1
BRDA:96,7,0,1
BRDA:96,7,1,0
BRDA:99,8,0,1
BRDA:99,8,1,0
BRDA:106,9,0,3
BRDA:106,9,1,6
BRDA:108,10,0,3
BRDA:108,10,1,3
BRDA:120,11,0,1
BRDA:120,11,1,1
BRDA:125,12,0,1
BRDA:125,12,1,0
BRDA:128,13,0,1
BRDA:128,13,1,0
BRDA:135,14,0,5
BRDA:135,14,1,3
BRDA:144,15,0,1
BRDA:144,15,1,0
BRDA:181,16,0,48
BRDA:181,16,1,0
BRDA:184,17,0,48
BRDA:184,17,1,16
BRDA:197,18,0,48
BRDA:197,18,1,32
BRDA:241,19,0,48
BRDA:241,19,1,10
BRDA:299,20,0,0
BRDA:299,20,1,0
BRDA:299,21,0,0
BRDA:299,21,1,0
BRDA:321,22,0,48
BRDA:321,22,1,6
BRF:46
BRH:31
end_of_record
TN:
SF:src\pages\minhas_emissoes\Dashboard.tsx
FN:73,Dashboard
FN:137,(anonymous_1)
FN:138,(anonymous_2)
FN:146,(anonymous_3)
FN:164,(anonymous_4)
FN:174,(anonymous_5)
FN:194,(anonymous_6)
FN:205,(anonymous_7)
FN:209,(anonymous_8)
FN:213,abrirModal
FN:227,fecharModal
FN:237,(anonymous_11)
FN:256,(anonymous_12)
FN:274,(anonymous_13)
FN:279,(anonymous_14)
FN:303,(anonymous_15)
FNF:16
FNH:11
FNDA:29,Dashboard
FNDA:6,(anonymous_1)
FNDA:60,(anonymous_2)
FNDA:7,(anonymous_3)
FNDA:1,(anonymous_4)
FNDA:8,(anonymous_5)
FNDA:1,(anonymous_6)
FNDA:7,(anonymous_7)
FNDA:8,(anonymous_8)
FNDA:1,abrirModal
FNDA:0,fecharModal
FNDA:0,(anonymous_11)
FNDA:0,(anonymous_12)
FNDA:0,(anonymous_13)
FNDA:1,(anonymous_14)
FNDA:0,(anonymous_15)
DA:25,1
DA:37,1
DA:56,1
DA:71,1
DA:74,29
DA:75,29
DA:76,29
DA:77,29
DA:78,29
DA:79,29
DA:94,29
DA:95,29
DA:96,29
DA:97,29
DA:98,29
DA:109,29
DA:122,29
DA:136,29
DA:138,6
DA:139,60
DA:140,60
DA:146,29
DA:147,7
DA:148,7
DA:149,7
DA:150,6
DA:151,5
DA:164,1
DA:167,1
DA:170,7
DA:174,29
DA:175,8
DA:176,8
DA:177,8
DA:178,8
DA:179,7
DA:194,1
DA:197,0
DA:200,8
DA:205,29
DA:206,7
DA:209,29
DA:210,8
DA:214,1
DA:215,1
DA:216,1
DA:217,1
DA:218,1
DA:220,0
DA:223,1
DA:228,0
DA:231,29
DA:237,0
DA:257,0
DA:275,0
DA:279,1
DA:304,0
LF:57
LH:50
BRDA:150,0,0,5
BRDA:150,0,1,1
BRDA:150,1,0,6
BRDA:150,1,1,5
BRDA:167,2,0,1
BRDA:167,2,1,0
BRDA:177,3,0,1
BRDA:177,3,1,7
BRDA:178,4,0,7
BRDA:178,4,1,1
BRDA:178,5,0,8
BRDA:178,5,1,8
BRDA:197,6,0,0
BRDA:197,6,1,0
BRDA:233,7,0,29
BRDA:233,7,1,9
BRDA:257,8,0,0
BRDA:257,8,1,0
BRDA:257,9,0,0
BRDA:257,9,1,0
BRDA:304,10,0,0
BRDA:304,10,1,0
BRDA:304,11,0,0
BRDA:304,11,1,0
BRF:24
BRH:13
end_of_record
TN:
SF:src\pages\recuperar_senha\RecuperarSenha.tsx
FN:15,RecuperarSenha
FN:24,(anonymous_1)
FN:25,(anonymous_2)
FN:30,(anonymous_3)
FN:37,(anonymous_4)
FN:43,(anonymous_5)
FN:48,(anonymous_6)
FN:55,(anonymous_7)
FN:61,(anonymous_8)
FN:88,(anonymous_9)
FN:111,(anonymous_10)
FN:159,(anonymous_11)
FN:160,(anonymous_12)
FNF:13
FNH:12
FNDA:4,RecuperarSenha
FNDA:3,(anonymous_1)
FNDA:3,(anonymous_2)
FNDA:4,(anonymous_3)
FNDA:1,(anonymous_4)
FNDA:1,(anonymous_5)
FNDA:5,(anonymous_6)
FNDA:1,(anonymous_7)
FNDA:1,(anonymous_8)
FNDA:1,(anonymous_9)
FNDA:0,(anonymous_10)
FNDA:4,(anonymous_11)
FNDA:4,(anonymous_12)
DA:16,4
DA:17,4
DA:18,4
DA:19,4
DA:20,4
DA:21,4
DA:24,4
DA:25,4
DA:27,4
DA:29,4
DA:31,4
DA:32,4
DA:33,4
DA:37,4
DA:38,1
DA:40,1
DA:44,1
DA:48,1
DA:49,5
DA:50,5
DA:55,1
DA:56,1
DA:57,1
DA:61,4
DA:62,1
DA:63,1
DA:64,1
DA:70,1
DA:71,1
DA:74,0
DA:79,0
DA:82,0
DA:84,1
DA:88,4
DA:89,1
DA:92,4
DA:93,1
DA:111,0
DA:119,3
DA:159,4
DA:161,4
DA:162,2
LF:42
LH:38
BRDA:24,0,0,3
BRDA:24,0,1,1
BRDA:25,1,0,3
BRDA:25,1,1,1
BRDA:27,2,0,4
BRDA:27,2,1,3
BRDA:32,3,0,0
BRDA:32,3,1,4
BRDA:70,4,0,1
BRDA:70,4,1,0
BRDA:79,5,0,0
BRDA:79,5,1,0
BRDA:92,6,0,1
BRDA:92,6,1,3
BRDA:161,7,0,2
BRDA:161,7,1,2
BRDA:161,8,0,4
BRDA:161,8,1,4
BRF:18
BRH:14
end_of_record
TN:
SF:src\pages\usuario\Usuario.tsx
FN:23,(anonymous_0)
FN:25,(anonymous_1)
FN:30,Usuario
FN:40,(anonymous_3)
FN:52,(anonymous_4)
FN:53,(anonymous_5)
FN:54,(anonymous_6)
FN:59,(anonymous_7)
FN:65,voltar
FN:69,salvarAlteracoes
FN:73,(anonymous_10)
FN:99,excluirConta
FN:200,(anonymous_12)
FN:213,(anonymous_13)
FN:218,(anonymous_14)
FNF:15
FNH:11
FNDA:0,(anonymous_0)
FNDA:0,(anonymous_1)
FNDA:22,Usuario
FNDA:10,(anonymous_3)
FNDA:10,(anonymous_4)
FNDA:9,(anonymous_5)
FNDA:18,(anonymous_6)
FNDA:1,(anonymous_7)
FNDA:0,voltar
FNDA:3,salvarAlteracoes
FNDA:6,(anonymous_10)
FNDA:3,excluirConta
FNDA:0,(anonymous_12)
FNDA:4,(anonymous_13)
FNDA:3,(anonymous_14)
DA:15,1
DA:17,1
DA:18,1
DA:19,1
DA:23,0
DA:25,0
DA:31,22
DA:32,22
DA:33,22
DA:34,22
DA:35,22
DA:36,22
DA:37,22
DA:40,22
DA:41,10
DA:43,9
DA:52,22
DA:53,10
DA:54,18
DA:58,9
DA:60,1
DA:61,1
DA:66,0
DA:71,3
DA:72,3
DA:73,6
DA:74,3
DA:80,3
DA:82,2
DA:83,1
DA:84,1
DA:88,1
DA:92,1
DA:94,3
DA:100,3
DA:101,3
DA:102,3
DA:103,2
DA:104,1
DA:105,1
DA:107,1
DA:110,1
DA:112,3
DA:117,22
DA:201,0
DA:214,4
DA:215,4
DA:216,3
DA:218,3
LF:49
LH:45
BRDA:41,0,0,1
BRDA:41,0,1,9
BRDA:44,1,0,9
BRDA:44,1,1,0
BRDA:45,2,0,9
BRDA:45,2,1,0
BRDA:47,3,0,9
BRDA:47,3,1,0
BRDA:48,4,0,9
BRDA:48,4,1,0
BRDA:77,5,0,3
BRDA:77,5,1,0
BRDA:82,6,0,1
BRDA:82,6,1,1
BRDA:92,7,0,1
BRDA:92,7,1,0
BRDA:103,8,0,1
BRDA:103,8,1,1
BRDA:107,9,0,1
BRDA:107,9,1,0
BRDA:110,10,0,1
BRDA:110,10,1,0
BRDA:122,11,0,22
BRDA:122,11,1,0
BRDA:131,12,0,22
BRDA:131,12,1,2
BRDA:201,13,0,0
BRDA:201,13,1,0
BRDA:201,14,0,0
BRDA:201,14,1,0
BRDA:215,15,0,3
BRDA:215,15,1,1
BRF:32
BRH:19
end_of_record
TN:
SF:src\routes\AppRoutes.tsx
FN:16,AppRoutes
FNF:1
FNH:1
FNDA:9,AppRoutes
DA:17,9
LF:1
LH:1
BRF:0
BRH:0
end_of_record
TN:
SF:src\routes\ProtectedRoutes.tsx
FN:11,ProtectedRoute
FNF:1
FNH:1
FNDA:4,ProtectedRoute
DA:12,4
DA:15,4
DA:16,1
DA:20,3
DA:21,1
DA:25,2
DA:26,1
DA:29,1
LF:8
LH:8
BRDA:15,0,0,1
BRDA:15,0,1,3
BRDA:15,1,0,4
BRDA:15,1,1,2
BRDA:20,2,0,1
BRDA:20,2,1,2
BRDA:25,3,0,1
BRDA:25,3,1,1
BRF:8
BRH:8
end_of_record
TN:
SF:src\services\api.ts
FN:8,(anonymous_0)
FN:12,(anonymous_1)
FN:16,(anonymous_2)
FN:20,(anonymous_3)
FN:38,(anonymous_4)
FN:52,(anonymous_5)
FN:57,(anonymous_6)
FN:58,(anonymous_7)
FN:64,(anonymous_8)
FN:65,(anonymous_9)
FN:113,(anonymous_10)
FN:114,(anonymous_11)
FNF:12
FNH:11
FNDA:5,(anonymous_0)
FNDA:3,(anonymous_1)
FNDA:3,(anonymous_2)
FNDA:2,(anonymous_3)
FNDA:2,(anonymous_4)
FNDA:1,(anonymous_5)
FNDA:2,(anonymous_6)
FNDA:1,(anonymous_7)
FNDA:0,(anonymous_8)
FNDA:6,(anonymous_9)
FNDA:1,(anonymous_10)
FNDA:1,(anonymous_11)
DA:6,7
DA:9,5
DA:13,3
DA:17,3
DA:21,2
DA:26,7
DA:29,7
DA:38,7
DA:39,2
DA:40,2
DA:41,1
DA:42,1
DA:44,2
DA:48,7
DA:49,7
DA:52,7
DA:53,1
DA:57,7
DA:58,2
DA:59,2
DA:63,7
DA:64,0
DA:66,6
DA:69,6
DA:72,5
DA:73,1
DA:74,1
DA:75,1
DA:76,1
DA:79,4
DA:81,4
DA:82,3
DA:84,3
DA:86,3
DA:92,2
DA:93,2
DA:94,2
DA:97,2
DA:100,2
DA:101,2
DA:104,1
DA:105,1
DA:106,1
DA:107,1
DA:108,1
DA:113,1
DA:114,1
DA:115,1
DA:116,1
DA:121,1
LF:50
LH:49
BRDA:30,0,0,7
BRDA:30,0,1,0
BRDA:40,1,0,1
BRDA:40,1,1,1
BRDA:41,2,0,1
BRDA:41,2,1,0
BRDA:69,3,0,5
BRDA:69,3,1,1
BRDA:69,4,0,6
BRDA:69,4,1,5
BRDA:72,5,0,1
BRDA:72,5,1,4
BRDA:81,6,0,3
BRDA:81,6,1,1
BRDA:87,7,0,3
BRDA:87,7,1,0
BRF:16
BRH:13
end_of_record
TN:
SF:src\services\combustivel\combustivelService.ts
FN:7,(anonymous_0)
FNF:1
FNH:1
FNDA:2,(anonymous_0)
DA:8,2
DA:9,2
DA:10,1
DA:12,1
LF:4
LH:4
BRF:0
BRH:0
end_of_record
TN:
SF:src\services\emissao_combustivel\emissaoCombustivelService.ts
FN:8,(anonymous_0)
FN:12,(anonymous_1)
FN:23,(anonymous_2)
FN:32,(anonymous_3)
FN:41,(anonymous_4)
FNF:5
FNH:5
FNDA:3,(anonymous_0)
FNDA:2,(anonymous_1)
FNDA:2,(anonymous_2)
FNDA:2,(anonymous_3)
FNDA:2,(anonymous_4)
DA:9,3
DA:10,3
DA:11,2
DA:12,2
DA:17,2
DA:19,1
DA:24,2
DA:25,2
DA:26,1
DA:28,1
DA:33,2
DA:34,2
DA:35,1
DA:37,1
DA:42,2
DA:43,2
DA:44,1
DA:46,1
LF:18
LH:18
BRDA:11,0,0,1
BRDA:11,0,1,1
BRDA:11,1,0,2
BRDA:11,1,1,2
BRF:4
BRH:4
end_of_record
TN:
SF:src\services\emissao_energia\emissaoEnergiaService.ts
FN:7,(anonymous_0)
FN:11,(anonymous_1)
FN:22,(anonymous_2)
FN:31,(anonymous_3)
FN:40,(anonymous_4)
FNF:5
FNH:5
FNDA:3,(anonymous_0)
FNDA:2,(anonymous_1)
FNDA:2,(anonymous_2)
FNDA:2,(anonymous_3)
FNDA:2,(anonymous_4)
DA:8,3
DA:9,3
DA:10,2
DA:11,2
DA:16,2
DA:18,1
DA:23,2
DA:24,2
DA:25,1
DA:27,1
DA:32,2
DA:33,2
DA:34,1
DA:36,1
DA:41,2
DA:42,2
DA:43,1
DA:45,1
LF:18
LH:18
BRDA:10,0,0,1
BRDA:10,0,1,1
BRDA:10,1,0,2
BRDA:10,1,1,2
BRF:4
BRH:4
end_of_record
TN:
SF:src\services\energia\energiaService.ts
FN:7,(anonymous_0)
FNF:1
FNH:1
FNDA:2,(anonymous_0)
DA:8,2
DA:9,2
DA:10,1
DA:12,1
LF:4
LH:4
BRF:0
BRH:0
end_of_record
TN:
SF:src\services\estado\estadoService.ts
FN:6,(anonymous_0)
FNF:1
FNH:1
FNDA:2,(anonymous_0)
DA:7,2
DA:8,2
DA:9,1
DA:11,1
LF:4
LH:4
BRF:0
BRH:0
end_of_record
TN:
SF:src\services\minhas_emissoes\MinhasEmissoesService.ts
FN:11,(anonymous_0)
FN:28,(anonymous_1)
FN:45,(anonymous_2)
FNF:3
FNH:3
FNDA:4,(anonymous_0)
FNDA:5,(anonymous_1)
FNDA:3,(anonymous_2)
DA:12,4
DA:13,4
DA:18,3
DA:20,1
DA:29,5
DA:30,5
DA:35,4
DA:37,1
DA:46,3
DA:47,3
DA:51,2
DA:53,1
LF:12
LH:12
BRDA:32,0,0,5
BRDA:32,0,1,2
BRF:2
BRH:2
end_of_record
TN:
SF:src\services\usuario\usuarioService.ts
FN:11,(anonymous_0)
FN:27,(anonymous_1)
FN:43,(anonymous_2)
FN:57,(anonymous_3)
FN:71,(anonymous_4)
FN:82,(anonymous_5)
FN:91,(anonymous_6)
FN:100,(anonymous_7)
FN:109,(anonymous_8)
FN:124,(anonymous_9)
FN:128,(anonymous_10)
FNF:11
FNH:11
FNDA:2,(anonymous_0)
FNDA:2,(anonymous_1)
FNDA:2,(anonymous_2)
FNDA:2,(anonymous_3)
FNDA:2,(anonymous_4)
FNDA:3,(anonymous_5)
FNDA:2,(anonymous_6)
FNDA:3,(anonymous_7)
FNDA:3,(anonymous_8)
FNDA:3,(anonymous_9)
FNDA:3,(anonymous_10)
DA:12,2
DA:13,2
DA:15,1
DA:16,1
DA:18,1
DA:21,1
DA:23,1
DA:28,2
DA:29,2
DA:31,1
DA:33,1
DA:34,1
DA:37,1
DA:39,1
DA:44,2
DA:45,2
DA:47,1
DA:48,1
DA:51,1
DA:53,1
DA:58,2
DA:59,2
DA:61,1
DA:62,1
DA:65,1
DA:67,1
DA:72,2
DA:73,2
DA:75,1
DA:77,2
DA:78,2
DA:83,3
DA:84,3
DA:85,1
DA:87,2
DA:92,2
DA:93,2
DA:94,1
DA:96,1
DA:101,3
DA:102,3
DA:103,2
DA:105,1
DA:110,3
DA:111,3
DA:113,2
DA:114,1
DA:115,1
DA:118,1
DA:120,1
DA:125,3
DA:129,3
DA:130,3
DA:131,2
DA:134,1
LF:55
LH:55
BRDA:15,0,0,1
BRDA:15,0,1,0
BRDA:15,1,0,1
BRDA:15,1,1,1
BRDA:31,2,0,1
BRDA:31,2,1,0
BRDA:31,3,0,1
BRDA:31,3,1,1
BRDA:47,4,0,1
BRDA:47,4,1,0
BRDA:61,5,0,1
BRDA:61,5,1,0
BRDA:87,6,0,2
BRDA:87,6,1,1
BRDA:113,7,0,1
BRDA:113,7,1,1
BRDA:113,8,0,2
BRDA:113,8,1,2
BRDA:130,9,0,2
BRDA:130,9,1,1
BRDA:131,10,0,1
BRDA:131,10,1,1
BRF:22
BRH:18
end_of_record
TN:
SF:src\utils\dateUtils.ts
FN:7,normalizeDate
FN:26,formatDate
FNF:2
FNH:2
FNDA:199,normalizeDate
FNDA:8,formatDate
DA:8,199
DA:9,193
DA:10,193
DA:12,189
DA:14,47
DA:15,42
DA:18,5
DA:22,142
DA:27,8
DA:28,8
LF:10
LH:10
BRDA:8,0,0,6
BRDA:8,0,1,193
BRDA:9,1,0,0
BRDA:9,1,1,193
BRDA:10,2,0,4
BRDA:10,2,1,189
BRDA:12,3,0,47
BRDA:12,3,1,142
BRDA:14,4,0,42
BRDA:14,4,1,5
BRDA:26,5,0,6
BRDA:28,6,0,4
BRDA:28,6,1,4
BRDA:28,7,0,8
BRDA:28,7,1,6
BRF:15
BRH:14
end_of_record
TN:
SF:src\utils\dayjs.ts
FNF:0
FNH:0
DA:5,7
DA:6,7
LF:2
LH:2
BRF:0
BRH:0
end_of_record
TN:
SF:src\utils\listOrder.ts
FN:8,timeValue
FN:14,sortInitialByDateDesc
FN:15,(anonymous_2)
FN:19,binarySearchDesc
FN:31,insertByDateDesc
FN:40,upsertByIdMaintainDateDesc
FN:44,(anonymous_6)
FN:55,removeById
FN:56,(anonymous_8)
FNF:9
FNH:9
FNDA:179,timeValue
FNDA:32,sortInitialByDateDesc
FNDA:69,(anonymous_2)
FNDA:14,binarySearchDesc
FNDA:5,insertByDateDesc
FNDA:9,upsertByIdMaintainDateDesc
FNDA:20,(anonymous_6)
FNDA:4,removeById
FNDA:12,(anonymous_8)
DA:9,179
DA:10,179
DA:15,69
DA:20,14
DA:21,14
DA:22,27
DA:23,27
DA:25,27
DA:27,14
DA:32,5
DA:33,5
DA:34,5
DA:35,5
DA:36,5
DA:41,9
DA:42,9
DA:44,20
DA:45,9
DA:47,9
DA:48,9
DA:49,9
DA:51,9
DA:56,12
LF:23
LH:23
BRDA:9,0,0,178
BRDA:9,0,1,1
BRDA:10,1,0,175
BRDA:10,1,1,4
BRDA:25,2,0,9
BRDA:25,2,1,18
BRDA:42,3,0,9
BRDA:42,3,1,0
BRDA:44,4,0,20
BRDA:44,4,1,0
BRDA:45,5,0,5
BRDA:45,5,1,4
BRDA:56,6,0,12
BRDA:56,6,1,0
BRF:14
BRH:11
end_of_record
TN:
SF:src\utils\stringUtils.ts
FN:6,formatCpf
FN:17,passwordValidationMessage
FNF:2
FNH:2
FNDA:20,formatCpf
FNDA:8,passwordValidationMessage
DA:7,20
DA:8,20
DA:9,20
DA:10,20
DA:11,20
DA:18,8
DA:19,6
DA:20,5
DA:21,4
DA:22,3
DA:23,2
LF:11
LH:11
BRDA:18,0,0,2
BRDA:18,0,1,6
BRDA:19,1,0,1
BRDA:19,1,1,5
BRDA:20,2,0,1
BRDA:20,2,1,4
BRDA:21,3,0,1
BRDA:21,3,1,3
BRDA:22,4,0,1
BRDA:22,4,1,2
BRF:10
BRH:10
end_of_record
